<?xml version="1.0" encoding="utf-8"?><testsuites><testsuite name="pytest" errors="0" failures="0" skipped="0" tests="1529" time="64.141" timestamp="2024-06-08T16:45:02.261441" hostname="WhiteFrankonstine"><testcase classname="test_l2e_genpass_engine" name="test_password_all_true[3]" time="0.018" /><testcase classname="test_l2e_genpass_engine" name="test_password_all_true[4]" time="0.020" /><testcase classname="test_l2e_genpass_engine" name="test_password_all_true[5]" time="0.023" /><testcase classname="test_l2e_genpass_engine" name="test_password_all_true[6]" time="0.025" /><testcase classname="test_l2e_genpass_engine" name="test_password_all_true[7]" time="0.026" /><testcase classname="test_l2e_genpass_engine" name="test_password_all_true[8]" time="0.030" /><testcase classname="test_l2e_genpass_engine" name="test_password_all_true[9]" time="0.031" /><testcase classname="test_l2e_genpass_engine" name="test_password_all_true[10]" time="0.034" /><testcase classname="test_l2e_genpass_engine" name="test_password_all_true[11]" time="0.037" /><testcase classname="test_l2e_genpass_engine" name="test_password_all_true[12]" time="0.037" /><testcase classname="test_l2e_genpass_engine" name="test_password_all_true[13]" time="0.039" /><testcase classname="test_l2e_genpass_engine" name="test_password_all_true[14]" time="0.041" /><testcase classname="test_l2e_genpass_engine" name="test_password_all_true[15]" time="0.043" /><testcase classname="test_l2e_genpass_engine" name="test_password_all_true[16]" time="0.045" /><testcase classname="test_l2e_genpass_engine" name="test_password_all_true[17]" time="0.047" /><testcase classname="test_l2e_genpass_engine" name="test_password_all_true[18]" time="0.049" /><testcase classname="test_l2e_genpass_engine" name="test_password_all_true[19]" time="0.051" /><testcase classname="test_l2e_genpass_engine" name="test_password_all_true[20]" time="0.053" /><testcase classname="test_l2e_genpass_engine" name="test_password_all_true[21]" time="0.056" /><testcase classname="test_l2e_genpass_engine" name="test_password_all_true[22]" time="0.058" /><testcase classname="test_l2e_genpass_engine" name="test_password_all_true[23]" time="0.059" /><testcase classname="test_l2e_genpass_engine" name="test_password_all_true[24]" time="0.062" /><testcase classname="test_l2e_genpass_engine" name="test_password_all_true[25]" time="0.064" /><testcase classname="test_l2e_genpass_engine" name="test_password_numbsletters_true[3]" time="0.012" /><testcase classname="test_l2e_genpass_engine" name="test_password_numbsletters_true[4]" time="0.014" /><testcase classname="test_l2e_genpass_engine" name="test_password_numbsletters_true[5]" time="0.015" /><testcase classname="test_l2e_genpass_engine" name="test_password_numbsletters_true[6]" time="0.017" /><testcase classname="test_l2e_genpass_engine" name="test_password_numbsletters_true[7]" time="0.018" /><testcase classname="test_l2e_genpass_engine" name="test_password_numbsletters_true[8]" time="0.020" /><testcase classname="test_l2e_genpass_engine" name="test_password_numbsletters_true[9]" time="0.022" /><testcase classname="test_l2e_genpass_engine" name="test_password_numbsletters_true[10]" time="0.024" /><testcase classname="test_l2e_genpass_engine" name="test_password_numbsletters_true[11]" time="0.025" /><testcase classname="test_l2e_genpass_engine" name="test_password_numbsletters_true[12]" time="0.026" /><testcase classname="test_l2e_genpass_engine" name="test_password_numbsletters_true[13]" time="0.028" /><testcase classname="test_l2e_genpass_engine" name="test_password_numbsletters_true[14]" time="0.029" /><testcase classname="test_l2e_genpass_engine" name="test_password_numbsletters_true[15]" time="0.030" /><testcase classname="test_l2e_genpass_engine" name="test_password_numbsletters_true[16]" time="0.033" /><testcase classname="test_l2e_genpass_engine" name="test_password_numbsletters_true[17]" time="0.034" /><testcase classname="test_l2e_genpass_engine" name="test_password_numbsletters_true[18]" time="0.035" /><testcase classname="test_l2e_genpass_engine" name="test_password_numbsletters_true[19]" time="0.037" /><testcase classname="test_l2e_genpass_engine" name="test_password_numbsletters_true[20]" time="0.039" /><testcase classname="test_l2e_genpass_engine" name="test_password_numbsletters_true[21]" time="0.040" /><testcase classname="test_l2e_genpass_engine" name="test_password_numbsletters_true[22]" time="0.042" /><testcase classname="test_l2e_genpass_engine" name="test_password_numbsletters_true[23]" time="0.043" /><testcase classname="test_l2e_genpass_engine" name="test_password_numbsletters_true[24]" time="0.044" /><testcase classname="test_l2e_genpass_engine" name="test_password_numbsletters_true[25]" time="0.049" /><testcase classname="test_l2e_genpass_engine" name="test_password_numbs_true[3]" time="0.005" /><testcase classname="test_l2e_genpass_engine" name="test_password_numbs_true[4]" time="0.006" /><testcase classname="test_l2e_genpass_engine" name="test_password_numbs_true[5]" time="0.007" /><testcase classname="test_l2e_genpass_engine" name="test_password_numbs_true[6]" time="0.008" /><testcase classname="test_l2e_genpass_engine" name="test_password_numbs_true[7]" time="0.009" /><testcase classname="test_l2e_genpass_engine" name="test_password_numbs_true[8]" time="0.010" /><testcase classname="test_l2e_genpass_engine" name="test_password_numbs_true[9]" time="0.011" /><testcase classname="test_l2e_genpass_engine" name="test_password_numbs_true[10]" time="0.012" /><testcase classname="test_l2e_genpass_engine" name="test_password_numbs_true[11]" time="0.013" /><testcase classname="test_l2e_genpass_engine" name="test_password_numbs_true[12]" time="0.014" /><testcase classname="test_l2e_genpass_engine" name="test_password_numbs_true[13]" time="0.015" /><testcase classname="test_l2e_genpass_engine" name="test_password_numbs_true[14]" time="0.016" /><testcase classname="test_l2e_genpass_engine" name="test_password_numbs_true[15]" time="0.017" /><testcase classname="test_l2e_genpass_engine" name="test_password_numbs_true[16]" time="0.018" /><testcase classname="test_l2e_genpass_engine" name="test_password_numbs_true[17]" time="0.019" /><testcase classname="test_l2e_genpass_engine" name="test_password_numbs_true[18]" time="0.020" /><testcase classname="test_l2e_genpass_engine" name="test_password_numbs_true[19]" time="0.021" /><testcase classname="test_l2e_genpass_engine" name="test_password_numbs_true[20]" time="0.022" /><testcase classname="test_l2e_genpass_engine" name="test_password_numbs_true[21]" time="0.023" /><testcase classname="test_l2e_genpass_engine" name="test_password_numbs_true[22]" time="0.023" /><testcase classname="test_l2e_genpass_engine" name="test_password_numbs_true[23]" time="0.024" /><testcase classname="test_l2e_genpass_engine" name="test_password_numbs_true[24]" time="0.025" /><testcase classname="test_l2e_genpass_engine" name="test_password_numbs_true[25]" time="0.026" /><testcase classname="test_l2e_genpass_engine" name="test_password_letters_true[3]" time="0.004" /><testcase classname="test_l2e_genpass_engine" name="test_password_letters_true[4]" time="0.004" /><testcase classname="test_l2e_genpass_engine" name="test_password_letters_true[5]" time="0.005" /><testcase classname="test_l2e_genpass_engine" name="test_password_letters_true[6]" time="0.006" /><testcase classname="test_l2e_genpass_engine" name="test_password_letters_true[7]" time="0.006" /><testcase classname="test_l2e_genpass_engine" name="test_password_letters_true[8]" time="0.007" /><testcase classname="test_l2e_genpass_engine" name="test_password_letters_true[9]" time="0.007" /><testcase classname="test_l2e_genpass_engine" name="test_password_letters_true[10]" time="0.008" /><testcase classname="test_l2e_genpass_engine" name="test_password_letters_true[11]" time="0.008" /><testcase classname="test_l2e_genpass_engine" name="test_password_letters_true[12]" time="0.009" /><testcase classname="test_l2e_genpass_engine" name="test_password_letters_true[13]" time="0.009" /><testcase classname="test_l2e_genpass_engine" name="test_password_letters_true[14]" time="0.010" /><testcase classname="test_l2e_genpass_engine" name="test_password_letters_true[15]" time="0.010" /><testcase classname="test_l2e_genpass_engine" name="test_password_letters_true[16]" time="0.010" /><testcase classname="test_l2e_genpass_engine" name="test_password_letters_true[17]" time="0.011" /><testcase classname="test_l2e_genpass_engine" name="test_password_letters_true[18]" time="0.012" /><testcase classname="test_l2e_genpass_engine" name="test_password_letters_true[19]" time="0.012" /><testcase classname="test_l2e_genpass_engine" name="test_password_letters_true[20]" time="0.013" /><testcase classname="test_l2e_genpass_engine" name="test_password_letters_true[21]" time="0.013" /><testcase classname="test_l2e_genpass_engine" name="test_password_letters_true[22]" time="0.014" /><testcase classname="test_l2e_genpass_engine" name="test_password_letters_true[23]" time="0.014" /><testcase classname="test_l2e_genpass_engine" name="test_password_letters_true[24]" time="0.015" /><testcase classname="test_l2e_genpass_engine" name="test_password_letters_true[25]" time="0.017" /><testcase classname="test_l2e_genpass_engine" name="test_password_special_true[3]" time="0.008" /><testcase classname="test_l2e_genpass_engine" name="test_password_special_true[4]" time="0.009" /><testcase classname="test_l2e_genpass_engine" name="test_password_special_true[5]" time="0.010" /><testcase classname="test_l2e_genpass_engine" name="test_password_special_true[6]" time="0.010" /><testcase classname="test_l2e_genpass_engine" name="test_password_special_true[7]" time="0.011" /><testcase classname="test_l2e_genpass_engine" name="test_password_special_true[8]" time="0.012" /><testcase classname="test_l2e_genpass_engine" name="test_password_special_true[9]" time="0.013" /><testcase classname="test_l2e_genpass_engine" name="test_password_special_true[10]" time="0.014" /><testcase classname="test_l2e_genpass_engine" name="test_password_special_true[11]" time="0.015" /><testcase classname="test_l2e_genpass_engine" name="test_password_special_true[12]" time="0.016" /><testcase classname="test_l2e_genpass_engine" name="test_password_special_true[13]" time="0.017" /><testcase classname="test_l2e_genpass_engine" name="test_password_special_true[14]" time="0.020" /><testcase classname="test_l2e_genpass_engine" name="test_password_special_true[15]" time="0.018" /><testcase classname="test_l2e_genpass_engine" name="test_password_special_true[16]" time="0.020" /><testcase classname="test_l2e_genpass_engine" name="test_password_special_true[17]" time="0.020" /><testcase classname="test_l2e_genpass_engine" name="test_password_special_true[18]" time="0.021" /><testcase classname="test_l2e_genpass_engine" name="test_password_special_true[19]" time="0.022" /><testcase classname="test_l2e_genpass_engine" name="test_password_special_true[20]" time="0.023" /><testcase classname="test_l2e_genpass_engine" name="test_password_special_true[21]" time="0.024" /><testcase classname="test_l2e_genpass_engine" name="test_password_special_true[22]" time="0.025" /><testcase classname="test_l2e_genpass_engine" name="test_password_special_true[23]" time="0.026" /><testcase classname="test_l2e_genpass_engine" name="test_password_special_true[24]" time="0.027" /><testcase classname="test_l2e_genpass_engine" name="test_password_special_true[25]" time="0.027" /><testcase classname="test_l2e_genpass_engine" name="test_password_lettersspecial_true[3]" time="0.012" /><testcase classname="test_l2e_genpass_engine" name="test_password_lettersspecial_true[4]" time="0.013" /><testcase classname="test_l2e_genpass_engine" name="test_password_lettersspecial_true[5]" time="0.014" /><testcase classname="test_l2e_genpass_engine" name="test_password_lettersspecial_true[6]" time="0.016" /><testcase classname="test_l2e_genpass_engine" name="test_password_lettersspecial_true[7]" time="0.017" /><testcase classname="test_l2e_genpass_engine" name="test_password_lettersspecial_true[8]" time="0.018" /><testcase classname="test_l2e_genpass_engine" name="test_password_lettersspecial_true[9]" time="0.020" /><testcase classname="test_l2e_genpass_engine" name="test_password_lettersspecial_true[10]" time="0.021" /><testcase classname="test_l2e_genpass_engine" name="test_password_lettersspecial_true[11]" time="0.022" /><testcase classname="test_l2e_genpass_engine" name="test_password_lettersspecial_true[12]" time="0.024" /><testcase classname="test_l2e_genpass_engine" name="test_password_lettersspecial_true[13]" time="0.025" /><testcase classname="test_l2e_genpass_engine" name="test_password_lettersspecial_true[14]" time="0.026" /><testcase classname="test_l2e_genpass_engine" name="test_password_lettersspecial_true[15]" time="0.028" /><testcase classname="test_l2e_genpass_engine" name="test_password_lettersspecial_true[16]" time="0.030" /><testcase classname="test_l2e_genpass_engine" name="test_password_lettersspecial_true[17]" time="0.030" /><testcase classname="test_l2e_genpass_engine" name="test_password_lettersspecial_true[18]" time="0.032" /><testcase classname="test_l2e_genpass_engine" name="test_password_lettersspecial_true[19]" time="0.033" /><testcase classname="test_l2e_genpass_engine" name="test_password_lettersspecial_true[20]" time="0.034" /><testcase classname="test_l2e_genpass_engine" name="test_password_lettersspecial_true[21]" time="0.036" /><testcase classname="test_l2e_genpass_engine" name="test_password_lettersspecial_true[22]" time="0.037" /><testcase classname="test_l2e_genpass_engine" name="test_password_lettersspecial_true[23]" time="0.038" /><testcase classname="test_l2e_genpass_engine" name="test_password_lettersspecial_true[24]" time="0.039" /><testcase classname="test_l2e_genpass_engine" name="test_password_lettersspecial_true[25]" time="0.041" /><testcase classname="test_l2e_genpass_engine" name="test_password_numbsspecial_true[3]" time="0.012" /><testcase classname="test_l2e_genpass_engine" name="test_password_numbsspecial_true[4]" time="0.014" /><testcase classname="test_l2e_genpass_engine" name="test_password_numbsspecial_true[5]" time="0.017" /><testcase classname="test_l2e_genpass_engine" name="test_password_numbsspecial_true[6]" time="0.017" /><testcase classname="test_l2e_genpass_engine" name="test_password_numbsspecial_true[7]" time="0.018" /><testcase classname="test_l2e_genpass_engine" name="test_password_numbsspecial_true[8]" time="0.020" /><testcase classname="test_l2e_genpass_engine" name="test_password_numbsspecial_true[9]" time="0.021" /><testcase classname="test_l2e_genpass_engine" name="test_password_numbsspecial_true[10]" time="0.023" /><testcase classname="test_l2e_genpass_engine" name="test_password_numbsspecial_true[11]" time="0.025" /><testcase classname="test_l2e_genpass_engine" name="test_password_numbsspecial_true[12]" time="0.027" /><testcase classname="test_l2e_genpass_engine" name="test_password_numbsspecial_true[13]" time="0.028" /><testcase classname="test_l2e_genpass_engine" name="test_password_numbsspecial_true[14]" time="0.031" /><testcase classname="test_l2e_genpass_engine" name="test_password_numbsspecial_true[15]" time="0.031" /><testcase classname="test_l2e_genpass_engine" name="test_password_numbsspecial_true[16]" time="0.032" /><testcase classname="test_l2e_genpass_engine" name="test_password_numbsspecial_true[17]" time="0.033" /><testcase classname="test_l2e_genpass_engine" name="test_password_numbsspecial_true[18]" time="0.035" /><testcase classname="test_l2e_genpass_engine" name="test_password_numbsspecial_true[19]" time="0.038" /><testcase classname="test_l2e_genpass_engine" name="test_password_numbsspecial_true[20]" time="0.038" /><testcase classname="test_l2e_genpass_engine" name="test_password_numbsspecial_true[21]" time="0.040" /><testcase classname="test_l2e_genpass_engine" name="test_password_numbsspecial_true[22]" time="0.041" /><testcase classname="test_l2e_genpass_engine" name="test_password_numbsspecial_true[23]" time="0.043" /><testcase classname="test_l2e_genpass_engine" name="test_password_numbsspecial_true[24]" time="0.044" /><testcase classname="test_l2e_genpass_engine" name="test_password_numbsspecial_true[25]" time="0.045" /><testcase classname="test_l2e_genpass_engine" name="test_assoc_password_all_true[apple-samoch\xf3d]" time="0.079" /><testcase classname="test_l2e_genpass_engine" name="test_assoc_password_all_true[apple-dom]" time="0.078" /><testcase classname="test_l2e_genpass_engine" name="test_assoc_password_all_true[apple-jab\u0142ko]" time="0.078" /><testcase classname="test_l2e_genpass_engine" name="test_assoc_password_all_true[apple-kot]" time="0.078" /><testcase classname="test_l2e_genpass_engine" name="test_assoc_password_all_true[apple-pies]" time="0.077" /><testcase classname="test_l2e_genpass_engine" name="test_assoc_password_all_true[apple-telefon]" time="0.079" /><testcase classname="test_l2e_genpass_engine" name="test_assoc_password_all_true[apple-ksi\u0105\u017cka]" time="0.078" /><testcase classname="test_l2e_genpass_engine" name="test_assoc_password_all_true[apple-komputer]" time="0.078" /><testcase classname="test_l2e_genpass_engine" name="test_assoc_password_all_true[apple-kwiat]" time="0.078" /><testcase classname="test_l2e_genpass_engine" name="test_assoc_password_all_true[apple-drzewo]" time="0.078" /><testcase classname="test_l2e_genpass_engine" name="test_assoc_password_all_true[apple-s\u0142o\u0144ce]" time="0.078" /><testcase classname="test_l2e_genpass_engine" name="test_assoc_password_all_true[apple-butelka]" time="0.079" /><testcase classname="test_l2e_genpass_engine" name="test_assoc_password_all_true[apple-krzes\u0142o]" time="0.078" /><testcase classname="test_l2e_genpass_engine" name="test_assoc_password_all_true[apple-kawa]" time="0.078" /><testcase classname="test_l2e_genpass_engine" name="test_assoc_password_all_true[apple-pi\u0142ka]" time="0.079" /><testcase classname="test_l2e_genpass_engine" name="test_assoc_password_all_true[apple-telewizor]" time="0.078" /><testcase classname="test_l2e_genpass_engine" name="test_assoc_password_all_true[apple-\u0142\xf3\u017cko]" time="0.078" /><testcase classname="test_l2e_genpass_engine" name="test_assoc_password_all_true[apple-biurko]" time="0.079" /><testcase classname="test_l2e_genpass_engine" name="test_assoc_password_all_true[apple-szko\u0142a]" time="0.078" /><testcase classname="test_l2e_genpass_engine" name="test_assoc_password_all_true[apple-ryba]" time="0.078" /><testcase classname="test_l2e_genpass_engine" name="test_assoc_password_all_true[banana-samoch\xf3d]" time="0.078" /><testcase classname="test_l2e_genpass_engine" name="test_assoc_password_all_true[banana-dom]" time="0.078" /><testcase classname="test_l2e_genpass_engine" name="test_assoc_password_all_true[banana-jab\u0142ko]" time="0.078" /><testcase classname="test_l2e_genpass_engine" name="test_assoc_password_all_true[banana-kot]" time="0.079" /><testcase classname="test_l2e_genpass_engine" name="test_assoc_password_all_true[banana-pies]" time="0.078" /><testcase classname="test_l2e_genpass_engine" name="test_assoc_password_all_true[banana-telefon]" time="0.076" /><testcase classname="test_l2e_genpass_engine" name="test_assoc_password_all_true[banana-ksi\u0105\u017cka]" time="0.075" /><testcase classname="test_l2e_genpass_engine" name="test_assoc_password_all_true[banana-komputer]" time="0.075" /><testcase classname="test_l2e_genpass_engine" name="test_assoc_password_all_true[banana-kwiat]" time="0.074" /><testcase classname="test_l2e_genpass_engine" name="test_assoc_password_all_true[banana-drzewo]" time="0.075" /><testcase classname="test_l2e_genpass_engine" name="test_assoc_password_all_true[banana-s\u0142o\u0144ce]" time="0.077" /><testcase classname="test_l2e_genpass_engine" name="test_assoc_password_all_true[banana-butelka]" time="0.075" /><testcase classname="test_l2e_genpass_engine" name="test_assoc_password_all_true[banana-krzes\u0142o]" time="0.074" /><testcase classname="test_l2e_genpass_engine" name="test_assoc_password_all_true[banana-kawa]" time="0.074" /><testcase classname="test_l2e_genpass_engine" name="test_assoc_password_all_true[banana-pi\u0142ka]" time="0.076" /><testcase classname="test_l2e_genpass_engine" name="test_assoc_password_all_true[banana-telewizor]" time="0.075" /><testcase classname="test_l2e_genpass_engine" name="test_assoc_password_all_true[banana-\u0142\xf3\u017cko]" time="0.073" /><testcase classname="test_l2e_genpass_engine" name="test_assoc_password_all_true[banana-biurko]" time="0.074" /><testcase classname="test_l2e_genpass_engine" name="test_assoc_password_all_true[banana-szko\u0142a]" time="0.075" /><testcase classname="test_l2e_genpass_engine" name="test_assoc_password_all_true[banana-ryba]" time="0.074" /><testcase classname="test_l2e_genpass_engine" name="test_assoc_password_all_true[car-samoch\xf3d]" time="0.075" /><testcase classname="test_l2e_genpass_engine" name="test_assoc_password_all_true[car-dom]" time="0.075" /><testcase classname="test_l2e_genpass_engine" name="test_assoc_password_all_true[car-jab\u0142ko]" time="0.074" /><testcase classname="test_l2e_genpass_engine" name="test_assoc_password_all_true[car-kot]" time="0.075" /><testcase classname="test_l2e_genpass_engine" name="test_assoc_password_all_true[car-pies]" time="0.077" /><testcase classname="test_l2e_genpass_engine" name="test_assoc_password_all_true[car-telefon]" time="0.075" /><testcase classname="test_l2e_genpass_engine" name="test_assoc_password_all_true[car-ksi\u0105\u017cka]" time="0.074" /><testcase classname="test_l2e_genpass_engine" name="test_assoc_password_all_true[car-komputer]" time="0.076" /><testcase classname="test_l2e_genpass_engine" name="test_assoc_password_all_true[car-kwiat]" time="0.076" /><testcase classname="test_l2e_genpass_engine" name="test_assoc_password_all_true[car-drzewo]" time="0.074" /><testcase classname="test_l2e_genpass_engine" name="test_assoc_password_all_true[car-s\u0142o\u0144ce]" time="0.074" /><testcase classname="test_l2e_genpass_engine" name="test_assoc_password_all_true[car-butelka]" time="0.074" /><testcase classname="test_l2e_genpass_engine" name="test_assoc_password_all_true[car-krzes\u0142o]" time="0.075" /><testcase classname="test_l2e_genpass_engine" name="test_assoc_password_all_true[car-kawa]" time="0.075" /><testcase classname="test_l2e_genpass_engine" name="test_assoc_password_all_true[car-pi\u0142ka]" time="0.074" /><testcase classname="test_l2e_genpass_engine" name="test_assoc_password_all_true[car-telewizor]" time="0.075" /><testcase classname="test_l2e_genpass_engine" name="test_assoc_password_all_true[car-\u0142\xf3\u017cko]" time="0.074" /><testcase classname="test_l2e_genpass_engine" name="test_assoc_password_all_true[car-biurko]" time="0.075" /><testcase classname="test_l2e_genpass_engine" name="test_assoc_password_all_true[car-szko\u0142a]" time="0.075" /><testcase classname="test_l2e_genpass_engine" name="test_assoc_password_all_true[car-ryba]" time="0.074" /><testcase classname="test_l2e_genpass_engine" name="test_assoc_password_all_true[house-samoch\xf3d]" time="0.075" /><testcase classname="test_l2e_genpass_engine" name="test_assoc_password_all_true[house-dom]" time="0.075" /><testcase classname="test_l2e_genpass_engine" name="test_assoc_password_all_true[house-jab\u0142ko]" time="0.075" /><testcase classname="test_l2e_genpass_engine" name="test_assoc_password_all_true[house-kot]" time="0.075" /><testcase classname="test_l2e_genpass_engine" name="test_assoc_password_all_true[house-pies]" time="0.075" /><testcase classname="test_l2e_genpass_engine" name="test_assoc_password_all_true[house-telefon]" time="0.075" /><testcase classname="test_l2e_genpass_engine" name="test_assoc_password_all_true[house-ksi\u0105\u017cka]" time="0.075" /><testcase classname="test_l2e_genpass_engine" name="test_assoc_password_all_true[house-komputer]" time="0.075" /><testcase classname="test_l2e_genpass_engine" name="test_assoc_password_all_true[house-kwiat]" time="0.074" /><testcase classname="test_l2e_genpass_engine" name="test_assoc_password_all_true[house-drzewo]" time="0.076" /><testcase classname="test_l2e_genpass_engine" name="test_assoc_password_all_true[house-s\u0142o\u0144ce]" time="0.075" /><testcase classname="test_l2e_genpass_engine" name="test_assoc_password_all_true[house-butelka]" time="0.075" /><testcase classname="test_l2e_genpass_engine" name="test_assoc_password_all_true[house-krzes\u0142o]" time="0.075" /><testcase classname="test_l2e_genpass_engine" name="test_assoc_password_all_true[house-kawa]" time="0.075" /><testcase classname="test_l2e_genpass_engine" name="test_assoc_password_all_true[house-pi\u0142ka]" time="0.074" /><testcase classname="test_l2e_genpass_engine" name="test_assoc_password_all_true[house-telewizor]" time="0.074" /><testcase classname="test_l2e_genpass_engine" name="test_assoc_password_all_true[house-\u0142\xf3\u017cko]" time="0.074" /><testcase classname="test_l2e_genpass_engine" name="test_assoc_password_all_true[house-biurko]" time="0.075" /><testcase classname="test_l2e_genpass_engine" name="test_assoc_password_all_true[house-szko\u0142a]" time="0.075" /><testcase classname="test_l2e_genpass_engine" name="test_assoc_password_all_true[house-ryba]" time="0.076" /><testcase classname="test_l2e_genpass_engine" name="test_assoc_password_all_true[dog-samoch\xf3d]" time="0.075" /><testcase classname="test_l2e_genpass_engine" name="test_assoc_password_all_true[dog-dom]" time="0.074" /><testcase classname="test_l2e_genpass_engine" name="test_assoc_password_all_true[dog-jab\u0142ko]" time="0.075" /><testcase classname="test_l2e_genpass_engine" name="test_assoc_password_all_true[dog-kot]" time="0.074" /><testcase classname="test_l2e_genpass_engine" name="test_assoc_password_all_true[dog-pies]" time="0.074" /><testcase classname="test_l2e_genpass_engine" name="test_assoc_password_all_true[dog-telefon]" time="0.074" /><testcase classname="test_l2e_genpass_engine" name="test_assoc_password_all_true[dog-ksi\u0105\u017cka]" time="0.074" /><testcase classname="test_l2e_genpass_engine" name="test_assoc_password_all_true[dog-komputer]" time="0.074" /><testcase classname="test_l2e_genpass_engine" name="test_assoc_password_all_true[dog-kwiat]" time="0.074" /><testcase classname="test_l2e_genpass_engine" name="test_assoc_password_all_true[dog-drzewo]" time="0.074" /><testcase classname="test_l2e_genpass_engine" name="test_assoc_password_all_true[dog-s\u0142o\u0144ce]" time="0.074" /><testcase classname="test_l2e_genpass_engine" name="test_assoc_password_all_true[dog-butelka]" time="0.074" /><testcase classname="test_l2e_genpass_engine" name="test_assoc_password_all_true[dog-krzes\u0142o]" time="0.074" /><testcase classname="test_l2e_genpass_engine" name="test_assoc_password_all_true[dog-kawa]" time="0.074" /><testcase classname="test_l2e_genpass_engine" name="test_assoc_password_all_true[dog-pi\u0142ka]" time="0.074" /><testcase classname="test_l2e_genpass_engine" name="test_assoc_password_all_true[dog-telewizor]" time="0.074" /><testcase classname="test_l2e_genpass_engine" name="test_assoc_password_all_true[dog-\u0142\xf3\u017cko]" time="0.075" /><testcase classname="test_l2e_genpass_engine" name="test_assoc_password_all_true[dog-biurko]" time="0.075" /><testcase classname="test_l2e_genpass_engine" name="test_assoc_password_all_true[dog-szko\u0142a]" time="0.074" /><testcase classname="test_l2e_genpass_engine" name="test_assoc_password_all_true[dog-ryba]" time="0.074" /><testcase classname="test_l2e_genpass_engine" name="test_assoc_password_all_true[cat-samoch\xf3d]" time="0.073" /><testcase classname="test_l2e_genpass_engine" name="test_assoc_password_all_true[cat-dom]" time="0.074" /><testcase classname="test_l2e_genpass_engine" name="test_assoc_password_all_true[cat-jab\u0142ko]" time="0.074" /><testcase classname="test_l2e_genpass_engine" name="test_assoc_password_all_true[cat-kot]" time="0.074" /><testcase classname="test_l2e_genpass_engine" name="test_assoc_password_all_true[cat-pies]" time="0.073" /><testcase classname="test_l2e_genpass_engine" name="test_assoc_password_all_true[cat-telefon]" time="0.073" /><testcase classname="test_l2e_genpass_engine" name="test_assoc_password_all_true[cat-ksi\u0105\u017cka]" time="0.073" /><testcase classname="test_l2e_genpass_engine" name="test_assoc_password_all_true[cat-komputer]" time="0.073" /><testcase classname="test_l2e_genpass_engine" name="test_assoc_password_all_true[cat-kwiat]" time="0.073" /><testcase classname="test_l2e_genpass_engine" name="test_assoc_password_all_true[cat-drzewo]" time="0.073" /><testcase classname="test_l2e_genpass_engine" name="test_assoc_password_all_true[cat-s\u0142o\u0144ce]" time="0.074" /><testcase classname="test_l2e_genpass_engine" name="test_assoc_password_all_true[cat-butelka]" time="0.075" /><testcase classname="test_l2e_genpass_engine" name="test_assoc_password_all_true[cat-krzes\u0142o]" time="0.074" /><testcase classname="test_l2e_genpass_engine" name="test_assoc_password_all_true[cat-kawa]" time="0.074" /><testcase classname="test_l2e_genpass_engine" name="test_assoc_password_all_true[cat-pi\u0142ka]" time="0.074" /><testcase classname="test_l2e_genpass_engine" name="test_assoc_password_all_true[cat-telewizor]" time="0.074" /><testcase classname="test_l2e_genpass_engine" name="test_assoc_password_all_true[cat-\u0142\xf3\u017cko]" time="0.074" /><testcase classname="test_l2e_genpass_engine" name="test_assoc_password_all_true[cat-biurko]" time="0.074" /><testcase classname="test_l2e_genpass_engine" name="test_assoc_password_all_true[cat-szko\u0142a]" time="0.073" /><testcase classname="test_l2e_genpass_engine" name="test_assoc_password_all_true[cat-ryba]" time="0.077" /><testcase classname="test_l2e_genpass_engine" name="test_assoc_password_all_true[book-samoch\xf3d]" time="0.075" /><testcase classname="test_l2e_genpass_engine" name="test_assoc_password_all_true[book-dom]" time="0.075" /><testcase classname="test_l2e_genpass_engine" name="test_assoc_password_all_true[book-jab\u0142ko]" time="0.074" /><testcase classname="test_l2e_genpass_engine" name="test_assoc_password_all_true[book-kot]" time="0.073" /><testcase classname="test_l2e_genpass_engine" name="test_assoc_password_all_true[book-pies]" time="0.075" /><testcase classname="test_l2e_genpass_engine" name="test_assoc_password_all_true[book-telefon]" time="0.073" /><testcase classname="test_l2e_genpass_engine" name="test_assoc_password_all_true[book-ksi\u0105\u017cka]" time="0.074" /><testcase classname="test_l2e_genpass_engine" name="test_assoc_password_all_true[book-komputer]" time="0.073" /><testcase classname="test_l2e_genpass_engine" name="test_assoc_password_all_true[book-kwiat]" time="0.074" /><testcase classname="test_l2e_genpass_engine" name="test_assoc_password_all_true[book-drzewo]" time="0.074" /><testcase classname="test_l2e_genpass_engine" name="test_assoc_password_all_true[book-s\u0142o\u0144ce]" time="0.073" /><testcase classname="test_l2e_genpass_engine" name="test_assoc_password_all_true[book-butelka]" time="0.073" /><testcase classname="test_l2e_genpass_engine" name="test_assoc_password_all_true[book-krzes\u0142o]" time="0.075" /><testcase classname="test_l2e_genpass_engine" name="test_assoc_password_all_true[book-kawa]" time="0.073" /><testcase classname="test_l2e_genpass_engine" name="test_assoc_password_all_true[book-pi\u0142ka]" time="0.075" /><testcase classname="test_l2e_genpass_engine" name="test_assoc_password_all_true[book-telewizor]" time="0.074" /><testcase classname="test_l2e_genpass_engine" name="test_assoc_password_all_true[book-\u0142\xf3\u017cko]" time="0.073" /><testcase classname="test_l2e_genpass_engine" name="test_assoc_password_all_true[book-biurko]" time="0.074" /><testcase classname="test_l2e_genpass_engine" name="test_assoc_password_all_true[book-szko\u0142a]" time="0.073" /><testcase classname="test_l2e_genpass_engine" name="test_assoc_password_all_true[book-ryba]" time="0.073" /><testcase classname="test_l2e_genpass_engine" name="test_assoc_password_all_true[computer-samoch\xf3d]" time="0.074" /><testcase classname="test_l2e_genpass_engine" name="test_assoc_password_all_true[computer-dom]" time="0.076" /><testcase classname="test_l2e_genpass_engine" name="test_assoc_password_all_true[computer-jab\u0142ko]" time="0.074" /><testcase classname="test_l2e_genpass_engine" name="test_assoc_password_all_true[computer-kot]" time="0.074" /><testcase classname="test_l2e_genpass_engine" name="test_assoc_password_all_true[computer-pies]" time="0.073" /><testcase classname="test_l2e_genpass_engine" name="test_assoc_password_all_true[computer-telefon]" time="0.073" /><testcase classname="test_l2e_genpass_engine" name="test_assoc_password_all_true[computer-ksi\u0105\u017cka]" time="0.073" /><testcase classname="test_l2e_genpass_engine" name="test_assoc_password_all_true[computer-komputer]" time="0.073" /><testcase classname="test_l2e_genpass_engine" name="test_assoc_password_all_true[computer-kwiat]" time="0.074" /><testcase classname="test_l2e_genpass_engine" name="test_assoc_password_all_true[computer-drzewo]" time="0.074" /><testcase classname="test_l2e_genpass_engine" name="test_assoc_password_all_true[computer-s\u0142o\u0144ce]" time="0.073" /><testcase classname="test_l2e_genpass_engine" name="test_assoc_password_all_true[computer-butelka]" time="0.073" /><testcase classname="test_l2e_genpass_engine" name="test_assoc_password_all_true[computer-krzes\u0142o]" time="0.074" /><testcase classname="test_l2e_genpass_engine" name="test_assoc_password_all_true[computer-kawa]" time="0.073" /><testcase classname="test_l2e_genpass_engine" name="test_assoc_password_all_true[computer-pi\u0142ka]" time="0.074" /><testcase classname="test_l2e_genpass_engine" name="test_assoc_password_all_true[computer-telewizor]" time="0.074" /><testcase classname="test_l2e_genpass_engine" name="test_assoc_password_all_true[computer-\u0142\xf3\u017cko]" time="0.074" /><testcase classname="test_l2e_genpass_engine" name="test_assoc_password_all_true[computer-biurko]" time="0.074" /><testcase classname="test_l2e_genpass_engine" name="test_assoc_password_all_true[computer-szko\u0142a]" time="0.073" /><testcase classname="test_l2e_genpass_engine" name="test_assoc_password_all_true[computer-ryba]" time="0.074" /><testcase classname="test_l2e_genpass_engine" name="test_assoc_password_all_true[flower-samoch\xf3d]" time="0.073" /><testcase classname="test_l2e_genpass_engine" name="test_assoc_password_all_true[flower-dom]" time="0.074" /><testcase classname="test_l2e_genpass_engine" name="test_assoc_password_all_true[flower-jab\u0142ko]" time="0.073" /><testcase classname="test_l2e_genpass_engine" name="test_assoc_password_all_true[flower-kot]" time="0.073" /><testcase classname="test_l2e_genpass_engine" name="test_assoc_password_all_true[flower-pies]" time="0.073" /><testcase classname="test_l2e_genpass_engine" name="test_assoc_password_all_true[flower-telefon]" time="0.074" /><testcase classname="test_l2e_genpass_engine" name="test_assoc_password_all_true[flower-ksi\u0105\u017cka]" time="0.074" /><testcase classname="test_l2e_genpass_engine" name="test_assoc_password_all_true[flower-komputer]" time="0.075" /><testcase classname="test_l2e_genpass_engine" name="test_assoc_password_all_true[flower-kwiat]" time="0.073" /><testcase classname="test_l2e_genpass_engine" name="test_assoc_password_all_true[flower-drzewo]" time="0.074" /><testcase classname="test_l2e_genpass_engine" name="test_assoc_password_all_true[flower-s\u0142o\u0144ce]" time="0.075" /><testcase classname="test_l2e_genpass_engine" name="test_assoc_password_all_true[flower-butelka]" time="0.074" /><testcase classname="test_l2e_genpass_engine" name="test_assoc_password_all_true[flower-krzes\u0142o]" time="0.074" /><testcase classname="test_l2e_genpass_engine" name="test_assoc_password_all_true[flower-kawa]" time="0.074" /><testcase classname="test_l2e_genpass_engine" name="test_assoc_password_all_true[flower-pi\u0142ka]" time="0.074" /><testcase classname="test_l2e_genpass_engine" name="test_assoc_password_all_true[flower-telewizor]" time="0.078" /><testcase classname="test_l2e_genpass_engine" name="test_assoc_password_all_true[flower-\u0142\xf3\u017cko]" time="0.075" /><testcase classname="test_l2e_genpass_engine" name="test_assoc_password_all_true[flower-biurko]" time="0.075" /><testcase classname="test_l2e_genpass_engine" name="test_assoc_password_all_true[flower-szko\u0142a]" time="0.073" /><testcase classname="test_l2e_genpass_engine" name="test_assoc_password_all_true[flower-ryba]" time="0.074" /><testcase classname="test_l2e_genpass_engine" name="test_assoc_password_all_true[sun-samoch\xf3d]" time="0.074" /><testcase classname="test_l2e_genpass_engine" name="test_assoc_password_all_true[sun-dom]" time="0.076" /><testcase classname="test_l2e_genpass_engine" name="test_assoc_password_all_true[sun-jab\u0142ko]" time="0.073" /><testcase classname="test_l2e_genpass_engine" name="test_assoc_password_all_true[sun-kot]" time="0.075" /><testcase classname="test_l2e_genpass_engine" name="test_assoc_password_all_true[sun-pies]" time="0.073" /><testcase classname="test_l2e_genpass_engine" name="test_assoc_password_all_true[sun-telefon]" time="0.074" /><testcase classname="test_l2e_genpass_engine" name="test_assoc_password_all_true[sun-ksi\u0105\u017cka]" time="0.075" /><testcase classname="test_l2e_genpass_engine" name="test_assoc_password_all_true[sun-komputer]" time="0.074" /><testcase classname="test_l2e_genpass_engine" name="test_assoc_password_all_true[sun-kwiat]" time="0.074" /><testcase classname="test_l2e_genpass_engine" name="test_assoc_password_all_true[sun-drzewo]" time="0.074" /><testcase classname="test_l2e_genpass_engine" name="test_assoc_password_all_true[sun-s\u0142o\u0144ce]" time="0.073" /><testcase classname="test_l2e_genpass_engine" name="test_assoc_password_all_true[sun-butelka]" time="0.074" /><testcase classname="test_l2e_genpass_engine" name="test_assoc_password_all_true[sun-krzes\u0142o]" time="0.075" /><testcase classname="test_l2e_genpass_engine" name="test_assoc_password_all_true[sun-kawa]" time="0.075" /><testcase classname="test_l2e_genpass_engine" name="test_assoc_password_all_true[sun-pi\u0142ka]" time="0.074" /><testcase classname="test_l2e_genpass_engine" name="test_assoc_password_all_true[sun-telewizor]" time="0.074" /><testcase classname="test_l2e_genpass_engine" name="test_assoc_password_all_true[sun-\u0142\xf3\u017cko]" time="0.073" /><testcase classname="test_l2e_genpass_engine" name="test_assoc_password_all_true[sun-biurko]" time="0.074" /><testcase classname="test_l2e_genpass_engine" name="test_assoc_password_all_true[sun-szko\u0142a]" time="0.074" /><testcase classname="test_l2e_genpass_engine" name="test_assoc_password_all_true[sun-ryba]" time="0.074" /><testcase classname="test_l2e_genpass_engine" name="test_assoc_password_all_true[phone-samoch\xf3d]" time="0.073" /><testcase classname="test_l2e_genpass_engine" name="test_assoc_password_all_true[phone-dom]" time="0.074" /><testcase classname="test_l2e_genpass_engine" name="test_assoc_password_all_true[phone-jab\u0142ko]" time="0.074" /><testcase classname="test_l2e_genpass_engine" name="test_assoc_password_all_true[phone-kot]" time="0.074" /><testcase classname="test_l2e_genpass_engine" name="test_assoc_password_all_true[phone-pies]" time="0.074" /><testcase classname="test_l2e_genpass_engine" name="test_assoc_password_all_true[phone-telefon]" time="0.074" /><testcase classname="test_l2e_genpass_engine" name="test_assoc_password_all_true[phone-ksi\u0105\u017cka]" time="0.073" /><testcase classname="test_l2e_genpass_engine" name="test_assoc_password_all_true[phone-komputer]" time="0.074" /><testcase classname="test_l2e_genpass_engine" name="test_assoc_password_all_true[phone-kwiat]" time="0.074" /><testcase classname="test_l2e_genpass_engine" name="test_assoc_password_all_true[phone-drzewo]" time="0.074" /><testcase classname="test_l2e_genpass_engine" name="test_assoc_password_all_true[phone-s\u0142o\u0144ce]" time="0.074" /><testcase classname="test_l2e_genpass_engine" name="test_assoc_password_all_true[phone-butelka]" time="0.074" /><testcase classname="test_l2e_genpass_engine" name="test_assoc_password_all_true[phone-krzes\u0142o]" time="0.073" /><testcase classname="test_l2e_genpass_engine" name="test_assoc_password_all_true[phone-kawa]" time="0.074" /><testcase classname="test_l2e_genpass_engine" name="test_assoc_password_all_true[phone-pi\u0142ka]" time="0.074" /><testcase classname="test_l2e_genpass_engine" name="test_assoc_password_all_true[phone-telewizor]" time="0.073" /><testcase classname="test_l2e_genpass_engine" name="test_assoc_password_all_true[phone-\u0142\xf3\u017cko]" time="0.074" /><testcase classname="test_l2e_genpass_engine" name="test_assoc_password_all_true[phone-biurko]" time="0.074" /><testcase classname="test_l2e_genpass_engine" name="test_assoc_password_all_true[phone-szko\u0142a]" time="0.073" /><testcase classname="test_l2e_genpass_engine" name="test_assoc_password_all_true[phone-ryba]" time="0.073" /><testcase classname="test_l2e_genpass_engine" name="test_assoc_password_all_true[chair-samoch\xf3d]" time="0.073" /><testcase classname="test_l2e_genpass_engine" name="test_assoc_password_all_true[chair-dom]" time="0.074" /><testcase classname="test_l2e_genpass_engine" name="test_assoc_password_all_true[chair-jab\u0142ko]" time="0.074" /><testcase classname="test_l2e_genpass_engine" name="test_assoc_password_all_true[chair-kot]" time="0.074" /><testcase classname="test_l2e_genpass_engine" name="test_assoc_password_all_true[chair-pies]" time="0.074" /><testcase classname="test_l2e_genpass_engine" name="test_assoc_password_all_true[chair-telefon]" time="0.075" /><testcase classname="test_l2e_genpass_engine" name="test_assoc_password_all_true[chair-ksi\u0105\u017cka]" time="0.075" /><testcase classname="test_l2e_genpass_engine" name="test_assoc_password_all_true[chair-komputer]" time="0.074" /><testcase classname="test_l2e_genpass_engine" name="test_assoc_password_all_true[chair-kwiat]" time="0.075" /><testcase classname="test_l2e_genpass_engine" name="test_assoc_password_all_true[chair-drzewo]" time="0.076" /><testcase classname="test_l2e_genpass_engine" name="test_assoc_password_all_true[chair-s\u0142o\u0144ce]" time="0.074" /><testcase classname="test_l2e_genpass_engine" name="test_assoc_password_all_true[chair-butelka]" time="0.074" /><testcase classname="test_l2e_genpass_engine" name="test_assoc_password_all_true[chair-krzes\u0142o]" time="0.077" /><testcase classname="test_l2e_genpass_engine" name="test_assoc_password_all_true[chair-kawa]" time="0.074" /><testcase classname="test_l2e_genpass_engine" name="test_assoc_password_all_true[chair-pi\u0142ka]" time="0.074" /><testcase classname="test_l2e_genpass_engine" name="test_assoc_password_all_true[chair-telewizor]" time="0.074" /><testcase classname="test_l2e_genpass_engine" name="test_assoc_password_all_true[chair-\u0142\xf3\u017cko]" time="0.075" /><testcase classname="test_l2e_genpass_engine" name="test_assoc_password_all_true[chair-biurko]" time="0.074" /><testcase classname="test_l2e_genpass_engine" name="test_assoc_password_all_true[chair-szko\u0142a]" time="0.075" /><testcase classname="test_l2e_genpass_engine" name="test_assoc_password_all_true[chair-ryba]" time="0.074" /><testcase classname="test_l2e_genpass_engine" name="test_assoc_password_all_true[coffee-samoch\xf3d]" time="0.074" /><testcase classname="test_l2e_genpass_engine" name="test_assoc_password_all_true[coffee-dom]" time="0.074" /><testcase classname="test_l2e_genpass_engine" name="test_assoc_password_all_true[coffee-jab\u0142ko]" time="0.074" /><testcase classname="test_l2e_genpass_engine" name="test_assoc_password_all_true[coffee-kot]" time="0.074" /><testcase classname="test_l2e_genpass_engine" name="test_assoc_password_all_true[coffee-pies]" time="0.074" /><testcase classname="test_l2e_genpass_engine" name="test_assoc_password_all_true[coffee-telefon]" time="0.075" /><testcase classname="test_l2e_genpass_engine" name="test_assoc_password_all_true[coffee-ksi\u0105\u017cka]" time="0.073" /><testcase classname="test_l2e_genpass_engine" name="test_assoc_password_all_true[coffee-komputer]" time="0.074" /><testcase classname="test_l2e_genpass_engine" name="test_assoc_password_all_true[coffee-kwiat]" time="0.074" /><testcase classname="test_l2e_genpass_engine" name="test_assoc_password_all_true[coffee-drzewo]" time="0.074" /><testcase classname="test_l2e_genpass_engine" name="test_assoc_password_all_true[coffee-s\u0142o\u0144ce]" time="0.073" /><testcase classname="test_l2e_genpass_engine" name="test_assoc_password_all_true[coffee-butelka]" time="0.076" /><testcase classname="test_l2e_genpass_engine" name="test_assoc_password_all_true[coffee-krzes\u0142o]" time="0.074" /><testcase classname="test_l2e_genpass_engine" name="test_assoc_password_all_true[coffee-kawa]" time="0.074" /><testcase classname="test_l2e_genpass_engine" name="test_assoc_password_all_true[coffee-pi\u0142ka]" time="0.074" /><testcase classname="test_l2e_genpass_engine" name="test_assoc_password_all_true[coffee-telewizor]" time="0.074" /><testcase classname="test_l2e_genpass_engine" name="test_assoc_password_all_true[coffee-\u0142\xf3\u017cko]" time="0.074" /><testcase classname="test_l2e_genpass_engine" name="test_assoc_password_all_true[coffee-biurko]" time="0.074" /><testcase classname="test_l2e_genpass_engine" name="test_assoc_password_all_true[coffee-szko\u0142a]" time="0.073" /><testcase classname="test_l2e_genpass_engine" name="test_assoc_password_all_true[coffee-ryba]" time="0.074" /><testcase classname="test_l2e_genpass_engine" name="test_assoc_password_all_true[ball-samoch\xf3d]" time="0.074" /><testcase classname="test_l2e_genpass_engine" name="test_assoc_password_all_true[ball-dom]" time="0.074" /><testcase classname="test_l2e_genpass_engine" name="test_assoc_password_all_true[ball-jab\u0142ko]" time="0.074" /><testcase classname="test_l2e_genpass_engine" name="test_assoc_password_all_true[ball-kot]" time="0.074" /><testcase classname="test_l2e_genpass_engine" name="test_assoc_password_all_true[ball-pies]" time="0.074" /><testcase classname="test_l2e_genpass_engine" name="test_assoc_password_all_true[ball-telefon]" time="0.073" /><testcase classname="test_l2e_genpass_engine" name="test_assoc_password_all_true[ball-ksi\u0105\u017cka]" time="0.075" /><testcase classname="test_l2e_genpass_engine" name="test_assoc_password_all_true[ball-komputer]" time="0.074" /><testcase classname="test_l2e_genpass_engine" name="test_assoc_password_all_true[ball-kwiat]" time="0.075" /><testcase classname="test_l2e_genpass_engine" name="test_assoc_password_all_true[ball-drzewo]" time="0.074" /><testcase classname="test_l2e_genpass_engine" name="test_assoc_password_all_true[ball-s\u0142o\u0144ce]" time="0.074" /><testcase classname="test_l2e_genpass_engine" name="test_assoc_password_all_true[ball-butelka]" time="0.073" /><testcase classname="test_l2e_genpass_engine" name="test_assoc_password_all_true[ball-krzes\u0142o]" time="0.074" /><testcase classname="test_l2e_genpass_engine" name="test_assoc_password_all_true[ball-kawa]" time="0.073" /><testcase classname="test_l2e_genpass_engine" name="test_assoc_password_all_true[ball-pi\u0142ka]" time="0.075" /><testcase classname="test_l2e_genpass_engine" name="test_assoc_password_all_true[ball-telewizor]" time="0.074" /><testcase classname="test_l2e_genpass_engine" name="test_assoc_password_all_true[ball-\u0142\xf3\u017cko]" time="0.075" /><testcase classname="test_l2e_genpass_engine" name="test_assoc_password_all_true[ball-biurko]" time="0.075" /><testcase classname="test_l2e_genpass_engine" name="test_assoc_password_all_true[ball-szko\u0142a]" time="0.076" /><testcase classname="test_l2e_genpass_engine" name="test_assoc_password_all_true[ball-ryba]" time="0.074" /><testcase classname="test_l2e_genpass_engine" name="test_assoc_password_all_true[table-samoch\xf3d]" time="0.074" /><testcase classname="test_l2e_genpass_engine" name="test_assoc_password_all_true[table-dom]" time="0.075" /><testcase classname="test_l2e_genpass_engine" name="test_assoc_password_all_true[table-jab\u0142ko]" time="0.075" /><testcase classname="test_l2e_genpass_engine" name="test_assoc_password_all_true[table-kot]" time="0.075" /><testcase classname="test_l2e_genpass_engine" name="test_assoc_password_all_true[table-pies]" time="0.075" /><testcase classname="test_l2e_genpass_engine" name="test_assoc_password_all_true[table-telefon]" time="0.074" /><testcase classname="test_l2e_genpass_engine" name="test_assoc_password_all_true[table-ksi\u0105\u017cka]" time="0.075" /><testcase classname="test_l2e_genpass_engine" name="test_assoc_password_all_true[table-komputer]" time="0.074" /><testcase classname="test_l2e_genpass_engine" name="test_assoc_password_all_true[table-kwiat]" time="0.074" /><testcase classname="test_l2e_genpass_engine" name="test_assoc_password_all_true[table-drzewo]" time="0.075" /><testcase classname="test_l2e_genpass_engine" name="test_assoc_password_all_true[table-s\u0142o\u0144ce]" time="0.075" /><testcase classname="test_l2e_genpass_engine" name="test_assoc_password_all_true[table-butelka]" time="0.075" /><testcase classname="test_l2e_genpass_engine" name="test_assoc_password_all_true[table-krzes\u0142o]" time="0.075" /><testcase classname="test_l2e_genpass_engine" name="test_assoc_password_all_true[table-kawa]" time="0.075" /><testcase classname="test_l2e_genpass_engine" name="test_assoc_password_all_true[table-pi\u0142ka]" time="0.075" /><testcase classname="test_l2e_genpass_engine" name="test_assoc_password_all_true[table-telewizor]" time="0.074" /><testcase classname="test_l2e_genpass_engine" name="test_assoc_password_all_true[table-\u0142\xf3\u017cko]" time="0.075" /><testcase classname="test_l2e_genpass_engine" name="test_assoc_password_all_true[table-biurko]" time="0.074" /><testcase classname="test_l2e_genpass_engine" name="test_assoc_password_all_true[table-szko\u0142a]" time="0.074" /><testcase classname="test_l2e_genpass_engine" name="test_assoc_password_all_true[table-ryba]" time="0.074" /><testcase classname="test_l2e_genpass_engine" name="test_assoc_password_all_true[school-samoch\xf3d]" time="0.073" /><testcase classname="test_l2e_genpass_engine" name="test_assoc_password_all_true[school-dom]" time="0.075" /><testcase classname="test_l2e_genpass_engine" name="test_assoc_password_all_true[school-jab\u0142ko]" time="0.074" /><testcase classname="test_l2e_genpass_engine" name="test_assoc_password_all_true[school-kot]" time="0.074" /><testcase classname="test_l2e_genpass_engine" name="test_assoc_password_all_true[school-pies]" time="0.074" /><testcase classname="test_l2e_genpass_engine" name="test_assoc_password_all_true[school-telefon]" time="0.073" /><testcase classname="test_l2e_genpass_engine" name="test_assoc_password_all_true[school-ksi\u0105\u017cka]" time="0.073" /><testcase classname="test_l2e_genpass_engine" name="test_assoc_password_all_true[school-komputer]" time="0.073" /><testcase classname="test_l2e_genpass_engine" name="test_assoc_password_all_true[school-kwiat]" time="0.076" /><testcase classname="test_l2e_genpass_engine" name="test_assoc_password_all_true[school-drzewo]" time="0.074" /><testcase classname="test_l2e_genpass_engine" name="test_assoc_password_all_true[school-s\u0142o\u0144ce]" time="0.073" /><testcase classname="test_l2e_genpass_engine" name="test_assoc_password_all_true[school-butelka]" time="0.073" /><testcase classname="test_l2e_genpass_engine" name="test_assoc_password_all_true[school-krzes\u0142o]" time="0.074" /><testcase classname="test_l2e_genpass_engine" name="test_assoc_password_all_true[school-kawa]" time="0.074" /><testcase classname="test_l2e_genpass_engine" name="test_assoc_password_all_true[school-pi\u0142ka]" time="0.075" /><testcase classname="test_l2e_genpass_engine" name="test_assoc_password_all_true[school-telewizor]" time="0.074" /><testcase classname="test_l2e_genpass_engine" name="test_assoc_password_all_true[school-\u0142\xf3\u017cko]" time="0.074" /><testcase classname="test_l2e_genpass_engine" name="test_assoc_password_all_true[school-biurko]" time="0.075" /><testcase classname="test_l2e_genpass_engine" name="test_assoc_password_all_true[school-szko\u0142a]" time="0.074" /><testcase classname="test_l2e_genpass_engine" name="test_assoc_password_all_true[school-ryba]" time="0.073" /><testcase classname="test_l2e_genpass_engine" name="test_assoc_password_all_true[tree-samoch\xf3d]" time="0.074" /><testcase classname="test_l2e_genpass_engine" name="test_assoc_password_all_true[tree-dom]" time="0.073" /><testcase classname="test_l2e_genpass_engine" name="test_assoc_password_all_true[tree-jab\u0142ko]" time="0.073" /><testcase classname="test_l2e_genpass_engine" name="test_assoc_password_all_true[tree-kot]" time="0.073" /><testcase classname="test_l2e_genpass_engine" name="test_assoc_password_all_true[tree-pies]" time="0.073" /><testcase classname="test_l2e_genpass_engine" name="test_assoc_password_all_true[tree-telefon]" time="0.073" /><testcase classname="test_l2e_genpass_engine" name="test_assoc_password_all_true[tree-ksi\u0105\u017cka]" time="0.077" /><testcase classname="test_l2e_genpass_engine" name="test_assoc_password_all_true[tree-komputer]" time="0.074" /><testcase classname="test_l2e_genpass_engine" name="test_assoc_password_all_true[tree-kwiat]" time="0.074" /><testcase classname="test_l2e_genpass_engine" name="test_assoc_password_all_true[tree-drzewo]" time="0.074" /><testcase classname="test_l2e_genpass_engine" name="test_assoc_password_all_true[tree-s\u0142o\u0144ce]" time="0.074" /><testcase classname="test_l2e_genpass_engine" name="test_assoc_password_all_true[tree-butelka]" time="0.074" /><testcase classname="test_l2e_genpass_engine" name="test_assoc_password_all_true[tree-krzes\u0142o]" time="0.073" /><testcase classname="test_l2e_genpass_engine" name="test_assoc_password_all_true[tree-kawa]" time="0.075" /><testcase classname="test_l2e_genpass_engine" name="test_assoc_password_all_true[tree-pi\u0142ka]" time="0.073" /><testcase classname="test_l2e_genpass_engine" name="test_assoc_password_all_true[tree-telewizor]" time="0.074" /><testcase classname="test_l2e_genpass_engine" name="test_assoc_password_all_true[tree-\u0142\xf3\u017cko]" time="0.075" /><testcase classname="test_l2e_genpass_engine" name="test_assoc_password_all_true[tree-biurko]" time="0.074" /><testcase classname="test_l2e_genpass_engine" name="test_assoc_password_all_true[tree-szko\u0142a]" time="0.074" /><testcase classname="test_l2e_genpass_engine" name="test_assoc_password_all_true[tree-ryba]" time="0.074" /><testcase classname="test_l2e_genpass_engine" name="test_assoc_password_all_true[fish-samoch\xf3d]" time="0.074" /><testcase classname="test_l2e_genpass_engine" name="test_assoc_password_all_true[fish-dom]" time="0.075" /><testcase classname="test_l2e_genpass_engine" name="test_assoc_password_all_true[fish-jab\u0142ko]" time="0.074" /><testcase classname="test_l2e_genpass_engine" name="test_assoc_password_all_true[fish-kot]" time="0.074" /><testcase classname="test_l2e_genpass_engine" name="test_assoc_password_all_true[fish-pies]" time="0.074" /><testcase classname="test_l2e_genpass_engine" name="test_assoc_password_all_true[fish-telefon]" time="0.075" /><testcase classname="test_l2e_genpass_engine" name="test_assoc_password_all_true[fish-ksi\u0105\u017cka]" time="0.074" /><testcase classname="test_l2e_genpass_engine" name="test_assoc_password_all_true[fish-komputer]" time="0.074" /><testcase classname="test_l2e_genpass_engine" name="test_assoc_password_all_true[fish-kwiat]" time="0.075" /><testcase classname="test_l2e_genpass_engine" name="test_assoc_password_all_true[fish-drzewo]" time="0.074" /><testcase classname="test_l2e_genpass_engine" name="test_assoc_password_all_true[fish-s\u0142o\u0144ce]" time="0.076" /><testcase classname="test_l2e_genpass_engine" name="test_assoc_password_all_true[fish-butelka]" time="0.075" /><testcase classname="test_l2e_genpass_engine" name="test_assoc_password_all_true[fish-krzes\u0142o]" time="0.075" /><testcase classname="test_l2e_genpass_engine" name="test_assoc_password_all_true[fish-kawa]" time="0.074" /><testcase classname="test_l2e_genpass_engine" name="test_assoc_password_all_true[fish-pi\u0142ka]" time="0.074" /><testcase classname="test_l2e_genpass_engine" name="test_assoc_password_all_true[fish-telewizor]" time="0.073" /><testcase classname="test_l2e_genpass_engine" name="test_assoc_password_all_true[fish-\u0142\xf3\u017cko]" time="0.075" /><testcase classname="test_l2e_genpass_engine" name="test_assoc_password_all_true[fish-biurko]" time="0.074" /><testcase classname="test_l2e_genpass_engine" name="test_assoc_password_all_true[fish-szko\u0142a]" time="0.073" /><testcase classname="test_l2e_genpass_engine" name="test_assoc_password_all_true[fish-ryba]" time="0.074" /><testcase classname="test_l2e_genpass_engine" name="test_assoc_password_all_true[bird-samoch\xf3d]" time="0.074" /><testcase classname="test_l2e_genpass_engine" name="test_assoc_password_all_true[bird-dom]" time="0.074" /><testcase classname="test_l2e_genpass_engine" name="test_assoc_password_all_true[bird-jab\u0142ko]" time="0.074" /><testcase classname="test_l2e_genpass_engine" name="test_assoc_password_all_true[bird-kot]" time="0.074" /><testcase classname="test_l2e_genpass_engine" name="test_assoc_password_all_true[bird-pies]" time="0.073" /><testcase classname="test_l2e_genpass_engine" name="test_assoc_password_all_true[bird-telefon]" time="0.074" /><testcase classname="test_l2e_genpass_engine" name="test_assoc_password_all_true[bird-ksi\u0105\u017cka]" time="0.075" /><testcase classname="test_l2e_genpass_engine" name="test_assoc_password_all_true[bird-komputer]" time="0.074" /><testcase classname="test_l2e_genpass_engine" name="test_assoc_password_all_true[bird-kwiat]" time="0.074" /><testcase classname="test_l2e_genpass_engine" name="test_assoc_password_all_true[bird-drzewo]" time="0.074" /><testcase classname="test_l2e_genpass_engine" name="test_assoc_password_all_true[bird-s\u0142o\u0144ce]" time="0.074" /><testcase classname="test_l2e_genpass_engine" name="test_assoc_password_all_true[bird-butelka]" time="0.077" /><testcase classname="test_l2e_genpass_engine" name="test_assoc_password_all_true[bird-krzes\u0142o]" time="0.075" /><testcase classname="test_l2e_genpass_engine" name="test_assoc_password_all_true[bird-kawa]" time="0.074" /><testcase classname="test_l2e_genpass_engine" name="test_assoc_password_all_true[bird-pi\u0142ka]" time="0.074" /><testcase classname="test_l2e_genpass_engine" name="test_assoc_password_all_true[bird-telewizor]" time="0.074" /><testcase classname="test_l2e_genpass_engine" name="test_assoc_password_all_true[bird-\u0142\xf3\u017cko]" time="0.074" /><testcase classname="test_l2e_genpass_engine" name="test_assoc_password_all_true[bird-biurko]" time="0.074" /><testcase classname="test_l2e_genpass_engine" name="test_assoc_password_all_true[bird-szko\u0142a]" time="0.073" /><testcase classname="test_l2e_genpass_engine" name="test_assoc_password_all_true[bird-ryba]" time="0.073" /><testcase classname="test_l2e_genpass_engine" name="test_assoc_password_all_true[desk-samoch\xf3d]" time="0.074" /><testcase classname="test_l2e_genpass_engine" name="test_assoc_password_all_true[desk-dom]" time="0.074" /><testcase classname="test_l2e_genpass_engine" name="test_assoc_password_all_true[desk-jab\u0142ko]" time="0.073" /><testcase classname="test_l2e_genpass_engine" name="test_assoc_password_all_true[desk-kot]" time="0.074" /><testcase classname="test_l2e_genpass_engine" name="test_assoc_password_all_true[desk-pies]" time="0.074" /><testcase classname="test_l2e_genpass_engine" name="test_assoc_password_all_true[desk-telefon]" time="0.074" /><testcase classname="test_l2e_genpass_engine" name="test_assoc_password_all_true[desk-ksi\u0105\u017cka]" time="0.073" /><testcase classname="test_l2e_genpass_engine" name="test_assoc_password_all_true[desk-komputer]" time="0.074" /><testcase classname="test_l2e_genpass_engine" name="test_assoc_password_all_true[desk-kwiat]" time="0.074" /><testcase classname="test_l2e_genpass_engine" name="test_assoc_password_all_true[desk-drzewo]" time="0.075" /><testcase classname="test_l2e_genpass_engine" name="test_assoc_password_all_true[desk-s\u0142o\u0144ce]" time="0.075" /><testcase classname="test_l2e_genpass_engine" name="test_assoc_password_all_true[desk-butelka]" time="0.073" /><testcase classname="test_l2e_genpass_engine" name="test_assoc_password_all_true[desk-krzes\u0142o]" time="0.074" /><testcase classname="test_l2e_genpass_engine" name="test_assoc_password_all_true[desk-kawa]" time="0.074" /><testcase classname="test_l2e_genpass_engine" name="test_assoc_password_all_true[desk-pi\u0142ka]" time="0.074" /><testcase classname="test_l2e_genpass_engine" name="test_assoc_password_all_true[desk-telewizor]" time="0.074" /><testcase classname="test_l2e_genpass_engine" name="test_assoc_password_all_true[desk-\u0142\xf3\u017cko]" time="0.074" /><testcase classname="test_l2e_genpass_engine" name="test_assoc_password_all_true[desk-biurko]" time="0.074" /><testcase classname="test_l2e_genpass_engine" name="test_assoc_password_all_true[desk-szko\u0142a]" time="0.074" /><testcase classname="test_l2e_genpass_engine" name="test_assoc_password_all_true[desk-ryba]" time="0.073" /><testcase classname="test_l2e_genpass_engine" name="test_assoc_password_polish_true[apple-samoch\xf3d]" time="0.028" /><testcase classname="test_l2e_genpass_engine" name="test_assoc_password_polish_true[apple-dom]" time="0.028" /><testcase classname="test_l2e_genpass_engine" name="test_assoc_password_polish_true[apple-jab\u0142ko]" time="0.028" /><testcase classname="test_l2e_genpass_engine" name="test_assoc_password_polish_true[apple-kot]" time="0.027" /><testcase classname="test_l2e_genpass_engine" name="test_assoc_password_polish_true[apple-pies]" time="0.028" /><testcase classname="test_l2e_genpass_engine" name="test_assoc_password_polish_true[apple-telefon]" time="0.028" /><testcase classname="test_l2e_genpass_engine" name="test_assoc_password_polish_true[apple-ksi\u0105\u017cka]" time="0.027" /><testcase classname="test_l2e_genpass_engine" name="test_assoc_password_polish_true[apple-komputer]" time="0.028" /><testcase classname="test_l2e_genpass_engine" name="test_assoc_password_polish_true[apple-kwiat]" time="0.027" /><testcase classname="test_l2e_genpass_engine" name="test_assoc_password_polish_true[apple-drzewo]" time="0.028" /><testcase classname="test_l2e_genpass_engine" name="test_assoc_password_polish_true[apple-s\u0142o\u0144ce]" time="0.029" /><testcase classname="test_l2e_genpass_engine" name="test_assoc_password_polish_true[apple-butelka]" time="0.028" /><testcase classname="test_l2e_genpass_engine" name="test_assoc_password_polish_true[apple-krzes\u0142o]" time="0.028" /><testcase classname="test_l2e_genpass_engine" name="test_assoc_password_polish_true[apple-kawa]" time="0.027" /><testcase classname="test_l2e_genpass_engine" name="test_assoc_password_polish_true[apple-pi\u0142ka]" time="0.027" /><testcase classname="test_l2e_genpass_engine" name="test_assoc_password_polish_true[apple-telewizor]" time="0.028" /><testcase classname="test_l2e_genpass_engine" name="test_assoc_password_polish_true[apple-\u0142\xf3\u017cko]" time="0.028" /><testcase classname="test_l2e_genpass_engine" name="test_assoc_password_polish_true[apple-biurko]" time="0.027" /><testcase classname="test_l2e_genpass_engine" name="test_assoc_password_polish_true[apple-szko\u0142a]" time="0.028" /><testcase classname="test_l2e_genpass_engine" name="test_assoc_password_polish_true[apple-ryba]" time="0.027" /><testcase classname="test_l2e_genpass_engine" name="test_assoc_password_polish_true[banana-samoch\xf3d]" time="0.027" /><testcase classname="test_l2e_genpass_engine" name="test_assoc_password_polish_true[banana-dom]" time="0.027" /><testcase classname="test_l2e_genpass_engine" name="test_assoc_password_polish_true[banana-jab\u0142ko]" time="0.027" /><testcase classname="test_l2e_genpass_engine" name="test_assoc_password_polish_true[banana-kot]" time="0.028" /><testcase classname="test_l2e_genpass_engine" name="test_assoc_password_polish_true[banana-pies]" time="0.027" /><testcase classname="test_l2e_genpass_engine" name="test_assoc_password_polish_true[banana-telefon]" time="0.028" /><testcase classname="test_l2e_genpass_engine" name="test_assoc_password_polish_true[banana-ksi\u0105\u017cka]" time="0.028" /><testcase classname="test_l2e_genpass_engine" name="test_assoc_password_polish_true[banana-komputer]" time="0.028" /><testcase classname="test_l2e_genpass_engine" name="test_assoc_password_polish_true[banana-kwiat]" time="0.028" /><testcase classname="test_l2e_genpass_engine" name="test_assoc_password_polish_true[banana-drzewo]" time="0.027" /><testcase classname="test_l2e_genpass_engine" name="test_assoc_password_polish_true[banana-s\u0142o\u0144ce]" time="0.028" /><testcase classname="test_l2e_genpass_engine" name="test_assoc_password_polish_true[banana-butelka]" time="0.027" /><testcase classname="test_l2e_genpass_engine" name="test_assoc_password_polish_true[banana-krzes\u0142o]" time="0.027" /><testcase classname="test_l2e_genpass_engine" name="test_assoc_password_polish_true[banana-kawa]" time="0.027" /><testcase classname="test_l2e_genpass_engine" name="test_assoc_password_polish_true[banana-pi\u0142ka]" time="0.027" /><testcase classname="test_l2e_genpass_engine" name="test_assoc_password_polish_true[banana-telewizor]" time="0.028" /><testcase classname="test_l2e_genpass_engine" name="test_assoc_password_polish_true[banana-\u0142\xf3\u017cko]" time="0.028" /><testcase classname="test_l2e_genpass_engine" name="test_assoc_password_polish_true[banana-biurko]" time="0.028" /><testcase classname="test_l2e_genpass_engine" name="test_assoc_password_polish_true[banana-szko\u0142a]" time="0.027" /><testcase classname="test_l2e_genpass_engine" name="test_assoc_password_polish_true[banana-ryba]" time="0.028" /><testcase classname="test_l2e_genpass_engine" name="test_assoc_password_polish_true[car-samoch\xf3d]" time="0.028" /><testcase classname="test_l2e_genpass_engine" name="test_assoc_password_polish_true[car-dom]" time="0.027" /><testcase classname="test_l2e_genpass_engine" name="test_assoc_password_polish_true[car-jab\u0142ko]" time="0.027" /><testcase classname="test_l2e_genpass_engine" name="test_assoc_password_polish_true[car-kot]" time="0.027" /><testcase classname="test_l2e_genpass_engine" name="test_assoc_password_polish_true[car-pies]" time="0.027" /><testcase classname="test_l2e_genpass_engine" name="test_assoc_password_polish_true[car-telefon]" time="0.028" /><testcase classname="test_l2e_genpass_engine" name="test_assoc_password_polish_true[car-ksi\u0105\u017cka]" time="0.027" /><testcase classname="test_l2e_genpass_engine" name="test_assoc_password_polish_true[car-komputer]" time="0.028" /><testcase classname="test_l2e_genpass_engine" name="test_assoc_password_polish_true[car-kwiat]" time="0.028" /><testcase classname="test_l2e_genpass_engine" name="test_assoc_password_polish_true[car-drzewo]" time="0.027" /><testcase classname="test_l2e_genpass_engine" name="test_assoc_password_polish_true[car-s\u0142o\u0144ce]" time="0.028" /><testcase classname="test_l2e_genpass_engine" name="test_assoc_password_polish_true[car-butelka]" time="0.027" /><testcase classname="test_l2e_genpass_engine" name="test_assoc_password_polish_true[car-krzes\u0142o]" time="0.028" /><testcase classname="test_l2e_genpass_engine" name="test_assoc_password_polish_true[car-kawa]" time="0.028" /><testcase classname="test_l2e_genpass_engine" name="test_assoc_password_polish_true[car-pi\u0142ka]" time="0.028" /><testcase classname="test_l2e_genpass_engine" name="test_assoc_password_polish_true[car-telewizor]" time="0.028" /><testcase classname="test_l2e_genpass_engine" name="test_assoc_password_polish_true[car-\u0142\xf3\u017cko]" time="0.028" /><testcase classname="test_l2e_genpass_engine" name="test_assoc_password_polish_true[car-biurko]" time="0.028" /><testcase classname="test_l2e_genpass_engine" name="test_assoc_password_polish_true[car-szko\u0142a]" time="0.028" /><testcase classname="test_l2e_genpass_engine" name="test_assoc_password_polish_true[car-ryba]" time="0.028" /><testcase classname="test_l2e_genpass_engine" name="test_assoc_password_polish_true[house-samoch\xf3d]" time="0.028" /><testcase classname="test_l2e_genpass_engine" name="test_assoc_password_polish_true[house-dom]" time="0.028" /><testcase classname="test_l2e_genpass_engine" name="test_assoc_password_polish_true[house-jab\u0142ko]" time="0.028" /><testcase classname="test_l2e_genpass_engine" name="test_assoc_password_polish_true[house-kot]" time="0.028" /><testcase classname="test_l2e_genpass_engine" name="test_assoc_password_polish_true[house-pies]" time="0.028" /><testcase classname="test_l2e_genpass_engine" name="test_assoc_password_polish_true[house-telefon]" time="0.028" /><testcase classname="test_l2e_genpass_engine" name="test_assoc_password_polish_true[house-ksi\u0105\u017cka]" time="0.028" /><testcase classname="test_l2e_genpass_engine" name="test_assoc_password_polish_true[house-komputer]" time="0.028" /><testcase classname="test_l2e_genpass_engine" name="test_assoc_password_polish_true[house-kwiat]" time="0.028" /><testcase classname="test_l2e_genpass_engine" name="test_assoc_password_polish_true[house-drzewo]" time="0.027" /><testcase classname="test_l2e_genpass_engine" name="test_assoc_password_polish_true[house-s\u0142o\u0144ce]" time="0.028" /><testcase classname="test_l2e_genpass_engine" name="test_assoc_password_polish_true[house-butelka]" time="0.027" /><testcase classname="test_l2e_genpass_engine" name="test_assoc_password_polish_true[house-krzes\u0142o]" time="0.027" /><testcase classname="test_l2e_genpass_engine" name="test_assoc_password_polish_true[house-kawa]" time="0.030" /><testcase classname="test_l2e_genpass_engine" name="test_assoc_password_polish_true[house-pi\u0142ka]" time="0.027" /><testcase classname="test_l2e_genpass_engine" name="test_assoc_password_polish_true[house-telewizor]" time="0.030" /><testcase classname="test_l2e_genpass_engine" name="test_assoc_password_polish_true[house-\u0142\xf3\u017cko]" time="0.030" /><testcase classname="test_l2e_genpass_engine" name="test_assoc_password_polish_true[house-biurko]" time="0.028" /><testcase classname="test_l2e_genpass_engine" name="test_assoc_password_polish_true[house-szko\u0142a]" time="0.028" /><testcase classname="test_l2e_genpass_engine" name="test_assoc_password_polish_true[house-ryba]" time="0.028" /><testcase classname="test_l2e_genpass_engine" name="test_assoc_password_polish_true[dog-samoch\xf3d]" time="0.028" /><testcase classname="test_l2e_genpass_engine" name="test_assoc_password_polish_true[dog-dom]" time="0.028" /><testcase classname="test_l2e_genpass_engine" name="test_assoc_password_polish_true[dog-jab\u0142ko]" time="0.028" /><testcase classname="test_l2e_genpass_engine" name="test_assoc_password_polish_true[dog-kot]" time="0.028" /><testcase classname="test_l2e_genpass_engine" name="test_assoc_password_polish_true[dog-pies]" time="0.027" /><testcase classname="test_l2e_genpass_engine" name="test_assoc_password_polish_true[dog-telefon]" time="0.028" /><testcase classname="test_l2e_genpass_engine" name="test_assoc_password_polish_true[dog-ksi\u0105\u017cka]" time="0.028" /><testcase classname="test_l2e_genpass_engine" name="test_assoc_password_polish_true[dog-komputer]" time="0.028" /><testcase classname="test_l2e_genpass_engine" name="test_assoc_password_polish_true[dog-kwiat]" time="0.028" /><testcase classname="test_l2e_genpass_engine" name="test_assoc_password_polish_true[dog-drzewo]" time="0.028" /><testcase classname="test_l2e_genpass_engine" name="test_assoc_password_polish_true[dog-s\u0142o\u0144ce]" time="0.028" /><testcase classname="test_l2e_genpass_engine" name="test_assoc_password_polish_true[dog-butelka]" time="0.028" /><testcase classname="test_l2e_genpass_engine" name="test_assoc_password_polish_true[dog-krzes\u0142o]" time="0.028" /><testcase classname="test_l2e_genpass_engine" name="test_assoc_password_polish_true[dog-kawa]" time="0.028" /><testcase classname="test_l2e_genpass_engine" name="test_assoc_password_polish_true[dog-pi\u0142ka]" time="0.028" /><testcase classname="test_l2e_genpass_engine" name="test_assoc_password_polish_true[dog-telewizor]" time="0.028" /><testcase classname="test_l2e_genpass_engine" name="test_assoc_password_polish_true[dog-\u0142\xf3\u017cko]" time="0.027" /><testcase classname="test_l2e_genpass_engine" name="test_assoc_password_polish_true[dog-biurko]" time="0.028" /><testcase classname="test_l2e_genpass_engine" name="test_assoc_password_polish_true[dog-szko\u0142a]" time="0.028" /><testcase classname="test_l2e_genpass_engine" name="test_assoc_password_polish_true[dog-ryba]" time="0.028" /><testcase classname="test_l2e_genpass_engine" name="test_assoc_password_polish_true[cat-samoch\xf3d]" time="0.027" /><testcase classname="test_l2e_genpass_engine" name="test_assoc_password_polish_true[cat-dom]" time="0.028" /><testcase classname="test_l2e_genpass_engine" name="test_assoc_password_polish_true[cat-jab\u0142ko]" time="0.028" /><testcase classname="test_l2e_genpass_engine" name="test_assoc_password_polish_true[cat-kot]" time="0.027" /><testcase classname="test_l2e_genpass_engine" name="test_assoc_password_polish_true[cat-pies]" time="0.028" /><testcase classname="test_l2e_genpass_engine" name="test_assoc_password_polish_true[cat-telefon]" time="0.028" /><testcase classname="test_l2e_genpass_engine" name="test_assoc_password_polish_true[cat-ksi\u0105\u017cka]" time="0.028" /><testcase classname="test_l2e_genpass_engine" name="test_assoc_password_polish_true[cat-komputer]" time="0.027" /><testcase classname="test_l2e_genpass_engine" name="test_assoc_password_polish_true[cat-kwiat]" time="0.028" /><testcase classname="test_l2e_genpass_engine" name="test_assoc_password_polish_true[cat-drzewo]" time="0.027" /><testcase classname="test_l2e_genpass_engine" name="test_assoc_password_polish_true[cat-s\u0142o\u0144ce]" time="0.028" /><testcase classname="test_l2e_genpass_engine" name="test_assoc_password_polish_true[cat-butelka]" time="0.028" /><testcase classname="test_l2e_genpass_engine" name="test_assoc_password_polish_true[cat-krzes\u0142o]" time="0.028" /><testcase classname="test_l2e_genpass_engine" name="test_assoc_password_polish_true[cat-kawa]" time="0.028" /><testcase classname="test_l2e_genpass_engine" name="test_assoc_password_polish_true[cat-pi\u0142ka]" time="0.028" /><testcase classname="test_l2e_genpass_engine" name="test_assoc_password_polish_true[cat-telewizor]" time="0.028" /><testcase classname="test_l2e_genpass_engine" name="test_assoc_password_polish_true[cat-\u0142\xf3\u017cko]" time="0.028" /><testcase classname="test_l2e_genpass_engine" name="test_assoc_password_polish_true[cat-biurko]" time="0.028" /><testcase classname="test_l2e_genpass_engine" name="test_assoc_password_polish_true[cat-szko\u0142a]" time="0.028" /><testcase classname="test_l2e_genpass_engine" name="test_assoc_password_polish_true[cat-ryba]" time="0.028" /><testcase classname="test_l2e_genpass_engine" name="test_assoc_password_polish_true[book-samoch\xf3d]" time="0.028" /><testcase classname="test_l2e_genpass_engine" name="test_assoc_password_polish_true[book-dom]" time="0.027" /><testcase classname="test_l2e_genpass_engine" name="test_assoc_password_polish_true[book-jab\u0142ko]" time="0.028" /><testcase classname="test_l2e_genpass_engine" name="test_assoc_password_polish_true[book-kot]" time="0.028" /><testcase classname="test_l2e_genpass_engine" name="test_assoc_password_polish_true[book-pies]" time="0.028" /><testcase classname="test_l2e_genpass_engine" name="test_assoc_password_polish_true[book-telefon]" time="0.028" /><testcase classname="test_l2e_genpass_engine" name="test_assoc_password_polish_true[book-ksi\u0105\u017cka]" time="0.028" /><testcase classname="test_l2e_genpass_engine" name="test_assoc_password_polish_true[book-komputer]" time="0.028" /><testcase classname="test_l2e_genpass_engine" name="test_assoc_password_polish_true[book-kwiat]" time="0.028" /><testcase classname="test_l2e_genpass_engine" name="test_assoc_password_polish_true[book-drzewo]" time="0.029" /><testcase classname="test_l2e_genpass_engine" name="test_assoc_password_polish_true[book-s\u0142o\u0144ce]" time="0.027" /><testcase classname="test_l2e_genpass_engine" name="test_assoc_password_polish_true[book-butelka]" time="0.028" /><testcase classname="test_l2e_genpass_engine" name="test_assoc_password_polish_true[book-krzes\u0142o]" time="0.028" /><testcase classname="test_l2e_genpass_engine" name="test_assoc_password_polish_true[book-kawa]" time="0.028" /><testcase classname="test_l2e_genpass_engine" name="test_assoc_password_polish_true[book-pi\u0142ka]" time="0.027" /><testcase classname="test_l2e_genpass_engine" name="test_assoc_password_polish_true[book-telewizor]" time="0.028" /><testcase classname="test_l2e_genpass_engine" name="test_assoc_password_polish_true[book-\u0142\xf3\u017cko]" time="0.028" /><testcase classname="test_l2e_genpass_engine" name="test_assoc_password_polish_true[book-biurko]" time="0.041" /><testcase classname="test_l2e_genpass_engine" name="test_assoc_password_polish_true[book-szko\u0142a]" time="0.028" /><testcase classname="test_l2e_genpass_engine" name="test_assoc_password_polish_true[book-ryba]" time="0.028" /><testcase classname="test_l2e_genpass_engine" name="test_assoc_password_polish_true[computer-samoch\xf3d]" time="0.027" /><testcase classname="test_l2e_genpass_engine" name="test_assoc_password_polish_true[computer-dom]" time="0.028" /><testcase classname="test_l2e_genpass_engine" name="test_assoc_password_polish_true[computer-jab\u0142ko]" time="0.027" /><testcase classname="test_l2e_genpass_engine" name="test_assoc_password_polish_true[computer-kot]" time="0.027" /><testcase classname="test_l2e_genpass_engine" name="test_assoc_password_polish_true[computer-pies]" time="0.027" /><testcase classname="test_l2e_genpass_engine" name="test_assoc_password_polish_true[computer-telefon]" time="0.028" /><testcase classname="test_l2e_genpass_engine" name="test_assoc_password_polish_true[computer-ksi\u0105\u017cka]" time="0.028" /><testcase classname="test_l2e_genpass_engine" name="test_assoc_password_polish_true[computer-komputer]" time="0.028" /><testcase classname="test_l2e_genpass_engine" name="test_assoc_password_polish_true[computer-kwiat]" time="0.028" /><testcase classname="test_l2e_genpass_engine" name="test_assoc_password_polish_true[computer-drzewo]" time="0.028" /><testcase classname="test_l2e_genpass_engine" name="test_assoc_password_polish_true[computer-s\u0142o\u0144ce]" time="0.028" /><testcase classname="test_l2e_genpass_engine" name="test_assoc_password_polish_true[computer-butelka]" time="0.028" /><testcase classname="test_l2e_genpass_engine" name="test_assoc_password_polish_true[computer-krzes\u0142o]" time="0.028" /><testcase classname="test_l2e_genpass_engine" name="test_assoc_password_polish_true[computer-kawa]" time="0.028" /><testcase classname="test_l2e_genpass_engine" name="test_assoc_password_polish_true[computer-pi\u0142ka]" time="0.028" /><testcase classname="test_l2e_genpass_engine" name="test_assoc_password_polish_true[computer-telewizor]" time="0.028" /><testcase classname="test_l2e_genpass_engine" name="test_assoc_password_polish_true[computer-\u0142\xf3\u017cko]" time="0.028" /><testcase classname="test_l2e_genpass_engine" name="test_assoc_password_polish_true[computer-biurko]" time="0
[...]
 name="test_assoc_password_english_true[desk-samoch\xf3d]" time="0.035" /><testcase classname="test_l2e_genpass_engine" name="test_assoc_password_english_true[desk-dom]" time="0.036" /><testcase classname="test_l2e_genpass_engine" name="test_assoc_password_english_true[desk-jab\u0142ko]" time="0.036" /><testcase classname="test_l2e_genpass_engine" name="test_assoc_password_english_true[desk-kot]" time="0.037" /><testcase classname="test_l2e_genpass_engine" name="test_assoc_password_english_true[desk-pies]" time="0.044" /><testcase classname="test_l2e_genpass_engine" name="test_assoc_password_english_true[desk-telefon]" time="0.037" /><testcase classname="test_l2e_genpass_engine" name="test_assoc_password_english_true[desk-ksi\u0105\u017cka]" time="0.036" /><testcase classname="test_l2e_genpass_engine" name="test_assoc_password_english_true[desk-komputer]" time="0.036" /><testcase classname="test_l2e_genpass_engine" name="test_assoc_password_english_true[desk-kwiat]" time="0.035" /><testcase classname="test_l2e_genpass_engine" name="test_assoc_password_english_true[desk-drzewo]" time="0.037" /><testcase classname="test_l2e_genpass_engine" name="test_assoc_password_english_true[desk-s\u0142o\u0144ce]" time="0.036" /><testcase classname="test_l2e_genpass_engine" name="test_assoc_password_english_true[desk-butelka]" time="0.036" /><testcase classname="test_l2e_genpass_engine" name="test_assoc_password_english_true[desk-krzes\u0142o]" time="0.036" /><testcase classname="test_l2e_genpass_engine" name="test_assoc_password_english_true[desk-kawa]" time="0.036" /><testcase classname="test_l2e_genpass_engine" name="test_assoc_password_english_true[desk-pi\u0142ka]" time="0.036" /><testcase classname="test_l2e_genpass_engine" name="test_assoc_password_english_true[desk-telewizor]" time="0.036" /><testcase classname="test_l2e_genpass_engine" name="test_assoc_password_english_true[desk-\u0142\xf3\u017cko]" time="0.036" /><testcase classname="test_l2e_genpass_engine" name="test_assoc_password_english_true[desk-biurko]" time="0.036" /><testcase classname="test_l2e_genpass_engine" name="test_assoc_password_english_true[desk-szko\u0142a]" time="0.035" /><testcase classname="test_l2e_genpass_engine" name="test_assoc_password_english_true[desk-ryba]" time="0.037" /><testcase classname="test_l2e_genpass_engine" name="test_login_all_true[8-olusia]" time="0.018" /><testcase classname="test_l2e_genpass_engine" name="test_login_all_true[8-bruce]" time="0.023" /><testcase classname="test_l2e_genpass_engine" name="test_login_all_true[8-tyrant]" time="0.018" /><testcase classname="test_l2e_genpass_engine" name="test_login_all_true[9-olusia]" time="0.020" /><testcase classname="test_l2e_genpass_engine" name="test_login_all_true[9-bruce]" time="0.022" /><testcase classname="test_l2e_genpass_engine" name="test_login_all_true[9-tyrant]" time="0.020" /><testcase classname="test_l2e_genpass_engine" name="test_login_all_true[10-olusia]" time="0.022" /><testcase classname="test_l2e_genpass_engine" name="test_login_all_true[10-bruce]" time="0.025" /><testcase classname="test_l2e_genpass_engine" name="test_login_all_true[10-tyrant]" time="0.022" /><testcase classname="test_l2e_genpass_engine" name="test_login_all_true[11-olusia]" time="0.025" /><testcase classname="test_l2e_genpass_engine" name="test_login_all_true[11-bruce]" time="0.027" /><testcase classname="test_l2e_genpass_engine" name="test_login_all_true[11-tyrant]" time="0.025" /><testcase classname="test_l2e_genpass_engine" name="test_login_all_true[12-olusia]" time="0.027" /><testcase classname="test_l2e_genpass_engine" name="test_login_all_true[12-bruce]" time="0.029" /><testcase classname="test_l2e_genpass_engine" name="test_login_all_true[12-tyrant]" time="0.027" /><testcase classname="test_l2e_genpass_engine" name="test_login_all_true[25-olusia]" time="0.058" /><testcase classname="test_l2e_genpass_engine" name="test_login_all_true[25-bruce]" time="0.059" /><testcase classname="test_l2e_genpass_engine" name="test_login_all_true[25-tyrant]" time="0.057" /><testcase classname="test_l2e_genpass_engine" name="test_login_all_true[35-olusia]" time="0.079" /><testcase classname="test_l2e_genpass_engine" name="test_login_all_true[35-bruce]" time="0.081" /><testcase classname="test_l2e_genpass_engine" name="test_login_all_true[35-tyrant]" time="0.082" /><testcase classname="test_l2e_genpass_engine" name="test_login_all_true[45-olusia]" time="0.103" /><testcase classname="test_l2e_genpass_engine" name="test_login_all_true[45-bruce]" time="0.104" /><testcase classname="test_l2e_genpass_engine" name="test_login_all_true[45-tyrant]" time="0.102" /><testcase classname="test_l2e_genpass_engine" name="test_login_numbers_letters_true[8-olusia]" time="0.012" /><testcase classname="test_l2e_genpass_engine" name="test_login_numbers_letters_true[8-bruce]" time="0.013" /><testcase classname="test_l2e_genpass_engine" name="test_login_numbers_letters_true[8-tyrant]" time="0.012" /><testcase classname="test_l2e_genpass_engine" name="test_login_numbers_letters_true[9-olusia]" time="0.014" /><testcase classname="test_l2e_genpass_engine" name="test_login_numbers_letters_true[9-bruce]" time="0.015" /><testcase classname="test_l2e_genpass_engine" name="test_login_numbers_letters_true[9-tyrant]" time="0.013" /><testcase classname="test_l2e_genpass_engine" name="test_login_numbers_letters_true[10-olusia]" time="0.015" /><testcase classname="test_l2e_genpass_engine" name="test_login_numbers_letters_true[10-bruce]" time="0.017" /><testcase classname="test_l2e_genpass_engine" name="test_login_numbers_letters_true[10-tyrant]" time="0.015" /><testcase classname="test_l2e_genpass_engine" name="test_login_numbers_letters_true[11-olusia]" time="0.017" /><testcase classname="test_l2e_genpass_engine" name="test_login_numbers_letters_true[11-bruce]" time="0.019" /><testcase classname="test_l2e_genpass_engine" name="test_login_numbers_letters_true[11-tyrant]" time="0.017" /><testcase classname="test_l2e_genpass_engine" name="test_login_numbers_letters_true[12-olusia]" time="0.019" /><testcase classname="test_l2e_genpass_engine" name="test_login_numbers_letters_true[12-bruce]" time="0.021" /><testcase classname="test_l2e_genpass_engine" name="test_login_numbers_letters_true[12-tyrant]" time="0.019" /><testcase classname="test_l2e_genpass_engine" name="test_login_numbers_letters_true[25-olusia]" time="0.041" /><testcase classname="test_l2e_genpass_engine" name="test_login_numbers_letters_true[25-bruce]" time="0.042" /><testcase classname="test_l2e_genpass_engine" name="test_login_numbers_letters_true[25-tyrant]" time="0.044" /><testcase classname="test_l2e_genpass_engine" name="test_login_numbers_letters_true[35-olusia]" time="0.058" /><testcase classname="test_l2e_genpass_engine" name="test_login_numbers_letters_true[35-bruce]" time="0.059" /><testcase classname="test_l2e_genpass_engine" name="test_login_numbers_letters_true[35-tyrant]" time="0.057" /><testcase classname="test_l2e_genpass_engine" name="test_login_numbers_letters_true[45-olusia]" time="0.076" /><testcase classname="test_l2e_genpass_engine" name="test_login_numbers_letters_true[45-bruce]" time="0.077" /><testcase classname="test_l2e_genpass_engine" name="test_login_numbers_letters_true[45-tyrant]" time="0.075" /><testcase classname="test_l2e_genpass_engine" name="test_login_numbers_special_true[8-olusia]" time="0.012" /><testcase classname="test_l2e_genpass_engine" name="test_login_numbers_special_true[8-bruce]" time="0.014" /><testcase classname="test_l2e_genpass_engine" name="test_login_numbers_special_true[8-tyrant]" time="0.012" /><testcase classname="test_l2e_genpass_engine" name="test_login_numbers_special_true[9-olusia]" time="0.014" /><testcase classname="test_l2e_genpass_engine" name="test_login_numbers_special_true[9-bruce]" time="0.015" /><testcase classname="test_l2e_genpass_engine" name="test_login_numbers_special_true[9-tyrant]" time="0.014" /><testcase classname="test_l2e_genpass_engine" name="test_login_numbers_special_true[10-olusia]" time="0.015" /><testcase classname="test_l2e_genpass_engine" name="test_login_numbers_special_true[10-bruce]" time="0.017" /><testcase classname="test_l2e_genpass_engine" name="test_login_numbers_special_true[10-tyrant]" time="0.016" /><testcase classname="test_l2e_genpass_engine" name="test_login_numbers_special_true[11-olusia]" time="0.018" /><testcase classname="test_l2e_genpass_engine" name="test_login_numbers_special_true[11-bruce]" time="0.019" /><testcase classname="test_l2e_genpass_engine" name="test_login_numbers_special_true[11-tyrant]" time="0.018" /><testcase classname="test_l2e_genpass_engine" name="test_login_numbers_special_true[12-olusia]" time="0.019" /><testcase classname="test_l2e_genpass_engine" name="test_login_numbers_special_true[12-bruce]" time="0.021" /><testcase classname="test_l2e_genpass_engine" name="test_login_numbers_special_true[12-tyrant]" time="0.019" /><testcase classname="test_l2e_genpass_engine" name="test_login_numbers_special_true[25-olusia]" time="0.041" /><testcase classname="test_l2e_genpass_engine" name="test_login_numbers_special_true[25-bruce]" time="0.043" /><testcase classname="test_l2e_genpass_engine" name="test_login_numbers_special_true[25-tyrant]" time="0.041" /><testcase classname="test_l2e_genpass_engine" name="test_login_numbers_special_true[35-olusia]" time="0.059" /><testcase classname="test_l2e_genpass_engine" name="test_login_numbers_special_true[35-bruce]" time="0.059" /><testcase classname="test_l2e_genpass_engine" name="test_login_numbers_special_true[35-tyrant]" time="0.057" /><testcase classname="test_l2e_genpass_engine" name="test_login_numbers_special_true[45-olusia]" time="0.075" /><testcase classname="test_l2e_genpass_engine" name="test_login_numbers_special_true[45-bruce]" time="0.075" /><testcase classname="test_l2e_genpass_engine" name="test_login_numbers_special_true[45-tyrant]" time="0.074" /><testcase classname="test_l2e_genpass_engine" name="test_login_letters_special_true[8-olusia]" time="0.011" /><testcase classname="test_l2e_genpass_engine" name="test_login_letters_special_true[8-bruce]" time="0.012" /><testcase classname="test_l2e_genpass_engine" name="test_login_letters_special_true[8-tyrant]" time="0.011" /><testcase classname="test_l2e_genpass_engine" name="test_login_letters_special_true[9-olusia]" time="0.012" /><testcase classname="test_l2e_genpass_engine" name="test_login_letters_special_true[9-bruce]" time="0.014" /><testcase classname="test_l2e_genpass_engine" name="test_login_letters_special_true[9-tyrant]" time="0.012" /><testcase classname="test_l2e_genpass_engine" name="test_login_letters_special_true[10-olusia]" time="0.014" /><testcase classname="test_l2e_genpass_engine" name="test_login_letters_special_true[10-bruce]" time="0.015" /><testcase classname="test_l2e_genpass_engine" name="test_login_letters_special_true[10-tyrant]" time="0.014" /><testcase classname="test_l2e_genpass_engine" name="test_login_letters_special_true[11-olusia]" time="0.015" /><testcase classname="test_l2e_genpass_engine" name="test_login_letters_special_true[11-bruce]" time="0.016" /><testcase classname="test_l2e_genpass_engine" name="test_login_letters_special_true[11-tyrant]" time="0.015" /><testcase classname="test_l2e_genpass_engine" name="test_login_letters_special_true[12-olusia]" time="0.017" /><testcase classname="test_l2e_genpass_engine" name="test_login_letters_special_true[12-bruce]" time="0.018" /><testcase classname="test_l2e_genpass_engine" name="test_login_letters_special_true[12-tyrant]" time="0.017" /><testcase classname="test_l2e_genpass_engine" name="test_login_letters_special_true[25-olusia]" time="0.034" /><testcase classname="test_l2e_genpass_engine" name="test_login_letters_special_true[25-bruce]" time="0.036" /><testcase classname="test_l2e_genpass_engine" name="test_login_letters_special_true[25-tyrant]" time="0.034" /><testcase classname="test_l2e_genpass_engine" name="test_login_letters_special_true[35-olusia]" time="0.047" /><testcase classname="test_l2e_genpass_engine" name="test_login_letters_special_true[35-bruce]" time="0.049" /><testcase classname="test_l2e_genpass_engine" name="test_login_letters_special_true[35-tyrant]" time="0.048" /><testcase classname="test_l2e_genpass_engine" name="test_login_letters_special_true[45-olusia]" time="0.062" /><testcase classname="test_l2e_genpass_engine" name="test_login_letters_special_true[45-bruce]" time="0.062" /><testcase classname="test_l2e_genpass_engine" name="test_login_letters_special_true[45-tyrant]" time="0.061" /><testcase classname="test_l2e_genpass_engine" name="test_login_numbers_true[8-olusia]" time="0.005" /><testcase classname="test_l2e_genpass_engine" name="test_login_numbers_true[8-bruce]" time="0.006" /><testcase classname="test_l2e_genpass_engine" name="test_login_numbers_true[8-tyrant]" time="0.005" /><testcase classname="test_l2e_genpass_engine" name="test_login_numbers_true[9-olusia]" time="0.006" /><testcase classname="test_l2e_genpass_engine" name="test_login_numbers_true[9-bruce]" time="0.007" /><testcase classname="test_l2e_genpass_engine" name="test_login_numbers_true[9-tyrant]" time="0.006" /><testcase classname="test_l2e_genpass_engine" name="test_login_numbers_true[10-olusia]" time="0.007" /><testcase classname="test_l2e_genpass_engine" name="test_login_numbers_true[10-bruce]" time="0.008" /><testcase classname="test_l2e_genpass_engine" name="test_login_numbers_true[10-tyrant]" time="0.007" /><testcase classname="test_l2e_genpass_engine" name="test_login_numbers_true[11-olusia]" time="0.008" /><testcase classname="test_l2e_genpass_engine" name="test_login_numbers_true[11-bruce]" time="0.009" /><testcase classname="test_l2e_genpass_engine" name="test_login_numbers_true[11-tyrant]" time="0.008" /><testcase classname="test_l2e_genpass_engine" name="test_login_numbers_true[12-olusia]" time="0.009" /><testcase classname="test_l2e_genpass_engine" name="test_login_numbers_true[12-bruce]" time="0.010" /><testcase classname="test_l2e_genpass_engine" name="test_login_numbers_true[12-tyrant]" time="0.009" /><testcase classname="test_l2e_genpass_engine" name="test_login_numbers_true[25-olusia]" time="0.022" /><testcase classname="test_l2e_genpass_engine" name="test_login_numbers_true[25-bruce]" time="0.023" /><testcase classname="test_l2e_genpass_engine" name="test_login_numbers_true[25-tyrant]" time="0.023" /><testcase classname="test_l2e_genpass_engine" name="test_login_numbers_true[35-olusia]" time="0.032" /><testcase classname="test_l2e_genpass_engine" name="test_login_numbers_true[35-bruce]" time="0.033" /><testcase classname="test_l2e_genpass_engine" name="test_login_numbers_true[35-tyrant]" time="0.031" /><testcase classname="test_l2e_genpass_engine" name="test_login_numbers_true[45-olusia]" time="0.041" /><testcase classname="test_l2e_genpass_engine" name="test_login_numbers_true[45-bruce]" time="0.042" /><testcase classname="test_l2e_genpass_engine" name="test_login_numbers_true[45-tyrant]" time="0.041" /><testcase classname="test_l2e_genpass_engine" name="test_login_letters_true[8-olusia]" time="0.005" /><testcase classname="test_l2e_genpass_engine" name="test_login_letters_true[8-bruce]" time="0.006" /><testcase classname="test_l2e_genpass_engine" name="test_login_letters_true[8-tyrant]" time="0.005" /><testcase classname="test_l2e_genpass_engine" name="test_login_letters_true[9-olusia]" time="0.006" /><testcase classname="test_l2e_genpass_engine" name="test_login_letters_true[9-bruce]" time="0.007" /><testcase classname="test_l2e_genpass_engine" name="test_login_letters_true[9-tyrant]" time="0.006" /><testcase classname="test_l2e_genpass_engine" name="test_login_letters_true[10-olusia]" time="0.016" /><testcase classname="test_l2e_genpass_engine" name="test_login_letters_true[10-bruce]" time="0.008" /><testcase classname="test_l2e_genpass_engine" name="test_login_letters_true[10-tyrant]" time="0.007" /><testcase classname="test_l2e_genpass_engine" name="test_login_letters_true[11-olusia]" time="0.008" /><testcase classname="test_l2e_genpass_engine" name="test_login_letters_true[11-bruce]" time="0.009" /><testcase classname="test_l2e_genpass_engine" name="test_login_letters_true[11-tyrant]" time="0.008" /><testcase classname="test_l2e_genpass_engine" name="test_login_letters_true[12-olusia]" time="0.009" /><testcase classname="test_l2e_genpass_engine" name="test_login_letters_true[12-bruce]" time="0.009" /><testcase classname="test_l2e_genpass_engine" name="test_login_letters_true[12-tyrant]" time="0.009" /><testcase classname="test_l2e_genpass_engine" name="test_login_letters_true[25-olusia]" time="0.023" /><testcase classname="test_l2e_genpass_engine" name="test_login_letters_true[25-bruce]" time="0.021" /><testcase classname="test_l2e_genpass_engine" name="test_login_letters_true[25-tyrant]" time="0.021" /><testcase classname="test_l2e_genpass_engine" name="test_login_letters_true[35-olusia]" time="0.029" /><testcase classname="test_l2e_genpass_engine" name="test_login_letters_true[35-bruce]" time="0.030" /><testcase classname="test_l2e_genpass_engine" name="test_login_letters_true[35-tyrant]" time="0.029" /><testcase classname="test_l2e_genpass_engine" name="test_login_letters_true[45-olusia]" time="0.038" /><testcase classname="test_l2e_genpass_engine" name="test_login_letters_true[45-bruce]" time="0.040" /><testcase classname="test_l2e_genpass_engine" name="test_login_letters_true[45-tyrant]" time="0.038" /><testcase classname="test_l2e_genpass_engine" name="test_login_special_true[8-olusia]" time="0.008" /><testcase classname="test_l2e_genpass_engine" name="test_login_special_true[8-bruce]" time="0.008" /><testcase classname="test_l2e_genpass_engine" name="test_login_special_true[8-tyrant]" time="0.007" /><testcase classname="test_l2e_genpass_engine" name="test_login_special_true[9-olusia]" time="0.009" /><testcase classname="test_l2e_genpass_engine" name="test_login_special_true[9-bruce]" time="0.009" /><testcase classname="test_l2e_genpass_engine" name="test_login_special_true[9-tyrant]" time="0.009" /><testcase classname="test_l2e_genpass_engine" name="test_login_special_true[10-olusia]" time="0.009" /><testcase classname="test_l2e_genpass_engine" name="test_login_special_true[10-bruce]" time="0.010" /><testcase classname="test_l2e_genpass_engine" name="test_login_special_true[10-tyrant]" time="0.009" /><testcase classname="test_l2e_genpass_engine" name="test_login_special_true[11-olusia]" time="0.010" /><testcase classname="test_l2e_genpass_engine" name="test_login_special_true[11-bruce]" time="0.011" /><testcase classname="test_l2e_genpass_engine" name="test_login_special_true[11-tyrant]" time="0.011" /><testcase classname="test_l2e_genpass_engine" name="test_login_special_true[12-olusia]" time="0.011" /><testcase classname="test_l2e_genpass_engine" name="test_login_special_true[12-bruce]" time="0.012" /><testcase classname="test_l2e_genpass_engine" name="test_login_special_true[12-tyrant]" time="0.011" /><testcase classname="test_l2e_genpass_engine" name="test_login_special_true[25-olusia]" time="0.023" /><testcase classname="test_l2e_genpass_engine" name="test_login_special_true[25-bruce]" time="0.023" /><testcase classname="test_l2e_genpass_engine" name="test_login_special_true[25-tyrant]" time="0.023" /><testcase classname="test_l2e_genpass_engine" name="test_login_special_true[35-olusia]" time="0.032" /><testcase classname="test_l2e_genpass_engine" name="test_login_special_true[35-bruce]" time="0.032" /><testcase classname="test_l2e_genpass_engine" name="test_login_special_true[35-tyrant]" time="0.032" /><testcase classname="test_l2e_genpass_engine" name="test_login_special_true[45-olusia]" time="0.041" /><testcase classname="test_l2e_genpass_engine" name="test_login_special_true[45-bruce]" time="0.041" /><testcase classname="test_l2e_genpass_engine" name="test_login_special_true[45-tyrant]" time="0.040" /></testsuite></testsuites>hy